23:16:56 execve("/sbin/ip", ["ip", "link", "add", "dev", "veth0", "type", "veth", "peer", "name", "veth1"], 0x7fff486c44f0 /* 17 vars */) = 0
23:16:56 brk(NULL)                      = 0x55f42b912000
23:16:56 access("/etc/ld.so.nohwcap", F_OK) = -1 ENOENT (No such file or directory)
23:16:56 access("/etc/ld.so.preload", R_OK) = -1 ENOENT (No such file or directory)
23:16:56 openat(AT_FDCWD, "/etc/ld.so.cache", O_RDONLY|O_CLOEXEC) = 3
23:16:56 fstat(3, {st_mode=S_IFREG|0644, st_size=84131, ...}) = 0
23:16:56 mmap(NULL, 84131, PROT_READ, MAP_PRIVATE, 3, 0) = 0x7efe06336000
23:16:56 close(3)                       = 0
23:16:56 access("/etc/ld.so.nohwcap", F_OK) = -1 ENOENT (No such file or directory)
23:16:56 openat(AT_FDCWD, "/usr/lib/x86_64-linux-gnu/libelf.so.1", O_RDONLY|O_CLOEXEC) = 3
23:16:56 read(3, "\177ELF\2\1\1\0\0\0\0\0\0\0\0\0\3\0>\0\1\0\0\0\0.\0\0\0\0\0\0"..., 832) = 832
23:16:56 fstat(3, {st_mode=S_IFREG|0644, st_size=104952, ...}) = 0
23:16:56 mmap(NULL, 8192, PROT_READ|PROT_WRITE, MAP_PRIVATE|MAP_ANONYMOUS, -1, 0) = 0x7efe06334000
23:16:56 mmap(NULL, 2199936, PROT_READ|PROT_EXEC, MAP_PRIVATE|MAP_DENYWRITE, 3, 0) = 0x7efe05f0a000
23:16:56 mprotect(0x7efe05f23000, 2093056, PROT_NONE) = 0
23:16:56 mmap(0x7efe06122000, 8192, PROT_READ|PROT_WRITE, MAP_PRIVATE|MAP_FIXED|MAP_DENYWRITE, 3, 0x18000) = 0x7efe06122000
23:16:56 close(3)                       = 0
23:16:56 access("/etc/ld.so.nohwcap", F_OK) = -1 ENOENT (No such file or directory)
23:16:56 openat(AT_FDCWD, "/lib/x86_64-linux-gnu/libmnl.so.0", O_RDONLY|O_CLOEXEC) = 3
23:16:56 read(3, "\177ELF\2\1\1\0\0\0\0\0\0\0\0\0\3\0>\0\1\0\0\0@\31\0\0\0\0\0\0"..., 832) = 832
23:16:56 fstat(3, {st_mode=S_IFREG|0644, st_size=22520, ...}) = 0
23:16:56 mmap(NULL, 2117648, PROT_READ|PROT_EXEC, MAP_PRIVATE|MAP_DENYWRITE, 3, 0) = 0x7efe05d04000
23:16:56 mprotect(0x7efe05d09000, 2093056, PROT_NONE) = 0
23:16:56 mmap(0x7efe05f08000, 8192, PROT_READ|PROT_WRITE, MAP_PRIVATE|MAP_FIXED|MAP_DENYWRITE, 3, 0x4000) = 0x7efe05f08000
23:16:56 close(3)                       = 0
23:16:56 access("/etc/ld.so.nohwcap", F_OK) = -1 ENOENT (No such file or directory)
23:16:56 openat(AT_FDCWD, "/lib/x86_64-linux-gnu/libdl.so.2", O_RDONLY|O_CLOEXEC) = 3
23:16:56 read(3, "\177ELF\2\1\1\0\0\0\0\0\0\0\0\0\3\0>\0\1\0\0\0P\16\0\0\0\0\0\0"..., 832) = 832
23:16:56 fstat(3, {st_mode=S_IFREG|0644, st_size=14560, ...}) = 0
23:16:56 mmap(NULL, 2109712, PROT_READ|PROT_EXEC, MAP_PRIVATE|MAP_DENYWRITE, 3, 0) = 0x7efe05b00000
23:16:56 mprotect(0x7efe05b03000, 2093056, PROT_NONE) = 0
23:16:56 mmap(0x7efe05d02000, 8192, PROT_READ|PROT_WRITE, MAP_PRIVATE|MAP_FIXED|MAP_DENYWRITE, 3, 0x2000) = 0x7efe05d02000
23:16:56 close(3)                       = 0
23:16:56 access("/etc/ld.so.nohwcap", F_OK) = -1 ENOENT (No such file or directory)
23:16:56 openat(AT_FDCWD, "/lib/x86_64-linux-gnu/libc.so.6", O_RDONLY|O_CLOEXEC) = 3
23:16:56 read(3, "\177ELF\2\1\1\3\0\0\0\0\0\0\0\0\3\0>\0\1\0\0\0\260\34\2\0\0\0\0\0"..., 832) = 832
23:16:56 fstat(3, {st_mode=S_IFREG|0755, st_size=2030544, ...}) = 0
23:16:56 mmap(NULL, 4131552, PROT_READ|PROT_EXEC, MAP_PRIVATE|MAP_DENYWRITE, 3, 0) = 0x7efe0570f000
23:16:56 mprotect(0x7efe058f6000, 2097152, PROT_NONE) = 0
23:16:56 mmap(0x7efe05af6000, 24576, PROT_READ|PROT_WRITE, MAP_PRIVATE|MAP_FIXED|MAP_DENYWRITE, 3, 0x1e7000) = 0x7efe05af6000
23:16:56 mmap(0x7efe05afc000, 15072, PROT_READ|PROT_WRITE, MAP_PRIVATE|MAP_FIXED|MAP_ANONYMOUS, -1, 0) = 0x7efe05afc000
23:16:56 close(3)                       = 0
23:16:56 access("/etc/ld.so.nohwcap", F_OK) = -1 ENOENT (No such file or directory)
23:16:56 openat(AT_FDCWD, "/lib/x86_64-linux-gnu/libz.so.1", O_RDONLY|O_CLOEXEC) = 3
23:16:56 read(3, "\177ELF\2\1\1\0\0\0\0\0\0\0\0\0\3\0>\0\1\0\0\0\220\37\0\0\0\0\0\0"..., 832) = 832
23:16:56 fstat(3, {st_mode=S_IFREG|0644, st_size=116960, ...}) = 0
23:16:56 mmap(NULL, 2212016, PROT_READ|PROT_EXEC, MAP_PRIVATE|MAP_DENYWRITE, 3, 0) = 0x7efe054f2000
23:16:56 mprotect(0x7efe0550e000, 2093056, PROT_NONE) = 0
23:16:56 mmap(0x7efe0570d000, 8192, PROT_READ|PROT_WRITE, MAP_PRIVATE|MAP_FIXED|MAP_DENYWRITE, 3, 0x1b000) = 0x7efe0570d000
23:16:56 close(3)                       = 0
23:16:56 mmap(NULL, 8192, PROT_READ|PROT_WRITE, MAP_PRIVATE|MAP_ANONYMOUS, -1, 0) = 0x7efe06332000
23:16:56 arch_prctl(ARCH_SET_FS, 0x7efe063330c0) = 0
23:16:56 mprotect(0x7efe05af6000, 16384, PROT_READ) = 0
23:16:56 mprotect(0x7efe0570d000, 4096, PROT_READ) = 0
23:16:56 mprotect(0x7efe05d02000, 4096, PROT_READ) = 0
23:16:56 mprotect(0x7efe05f08000, 4096, PROT_READ) = 0
23:16:56 mprotect(0x7efe06122000, 4096, PROT_READ) = 0
23:16:56 mprotect(0x55f429c73000, 8192, PROT_READ) = 0
23:16:56 mprotect(0x7efe0634b000, 4096, PROT_READ) = 0
23:16:56 munmap(0x7efe06336000, 84131)  = 0
23:16:56 socket(AF_NETLINK, SOCK_RAW|SOCK_CLOEXEC, NETLINK_ROUTE) = 3
23:16:56 setsockopt(3, SOL_SOCKET, SO_SNDBUF, [32768], 4) = 0
23:16:56 setsockopt(3, SOL_SOCKET, SO_RCVBUF, [1048576], 4) = 0
23:16:56 setsockopt(3, SOL_NETLINK, NETLINK_EXT_ACK, [1], 4) = 0
23:16:56 bind(3, {sa_family=AF_NETLINK, nl_pid=0, nl_groups=00000000}, 12) = 0
23:16:56 getsockname(3, {sa_family=AF_NETLINK, nl_pid=7575, nl_groups=00000000}, [12]) = 0
23:16:56 sendto(3, {{len=32, type=RTM_NEWLINK, flags=NLM_F_REQUEST|NLM_F_ACK, seq=0, pid=0}, {ifi_family=AF_UNSPEC, ifi_type=ARPHRD_NETROM, ifi_index=0, ifi_flags=0, ifi_change=0}}, 32, 0, NULL, 0) = 32
23:16:56 recvmsg(3, {msg_name={sa_family=AF_NETLINK, nl_pid=0, nl_groups=00000000}, msg_namelen=12, msg_iov=[{iov_base={{len=52, type=NLMSG_ERROR, flags=0, seq=0, pid=7575}, {error=-ENODEV, msg={{len=32, type=RTM_NEWLINK, flags=NLM_F_REQUEST|NLM_F_ACK, seq=0, pid=0}, {ifi_family=AF_UNSPEC, ifi_type=ARPHRD_NETROM, ifi_index=0, ifi_flags=0, ifi_change=0}}}}, iov_len=16384}], msg_iovlen=1, msg_controllen=0, msg_flags=0}, 0) = 52
23:16:56 access("/proc/net", R_OK)      = 0
23:16:56 access("/proc/net/unix", R_OK) = 0
23:16:56 socket(AF_UNIX, SOCK_DGRAM|SOCK_CLOEXEC, 0) = 4
23:16:56 ioctl(4, SIOCGIFINDEX, {ifr_name="veth0"}) = -1 ENODEV (No such device)
23:16:56 close(4)                       = 0
23:16:56 brk(NULL)                      = 0x55f42b912000
23:16:56 brk(0x55f42b933000)            = 0x55f42b933000
23:16:56 openat(AT_FDCWD, "/usr/lib/ip/link_veth.so", O_RDONLY|O_CLOEXEC) = -1 ENOENT (No such file or directory)
23:16:56 sendmsg(3, {msg_name={sa_family=AF_NETLINK, nl_pid=0, nl_groups=00000000}, msg_namelen=12, msg_iov=[{iov_base={{len=92, type=RTM_NEWLINK, flags=NLM_F_REQUEST|NLM_F_ACK|NLM_F_EXCL|NLM_F_CREATE, seq=1585019817, pid=0}, {ifi_family=AF_UNSPEC, ifi_type=ARPHRD_NETROM, ifi_index=0, ifi_flags=0, ifi_change=0}, [{{nla_len=10, nla_type=IFLA_IFNAME}, "veth0"}, {{nla_len=48, nla_type=IFLA_LINKINFO}, [{{nla_len=8, nla_type=IFLA_INFO_KIND}, "veth"...}, {{nla_len=36, nla_type=IFLA_INFO_DATA}, "\x20\x00\x01\x00\x00\x00\x00\x00\x00\x00\x00\x00\x00\x00\x00\x00\x00\x00\x00\x00\x0a\x00\x03\x00\x76\x65\x74\x68\x31\x00\x00\x00"}]}]}, iov_len=92}], msg_iovlen=1, msg_controllen=0, msg_flags=0}, 0) = 92
23:16:56 recvmsg(3, {msg_name={sa_family=AF_NETLINK, nl_pid=0, nl_groups=00000000}, msg_namelen=12, msg_iov=[{iov_base=NULL, iov_len=0}], msg_iovlen=1, msg_controllen=0, msg_flags=MSG_TRUNC}, MSG_PEEK|MSG_TRUNC) = 36
23:16:56 recvmsg(3, {msg_name={sa_family=AF_NETLINK, nl_pid=0, nl_groups=00000000}, msg_namelen=12, msg_iov=[{iov_base={{len=36, type=NLMSG_ERROR, flags=NLM_F_CAPPED, seq=1585019817, pid=7575}, {error=0, msg={len=92, type=RTM_NEWLINK, flags=NLM_F_REQUEST|NLM_F_ACK|NLM_F_EXCL|NLM_F_CREATE, seq=1585019817, pid=0}}}, iov_len=36}], msg_iovlen=1, msg_controllen=0, msg_flags=0}, 0) = 36
23:16:56 exit_group(0)                  = ?
23:16:56 +++ exited with 0 +++
