23:16:45 restart_syscall(<... resuming interrupted poll ...>) = 1
23:16:56 epoll_wait(15, [], 1, 0)       = 0
23:16:56 clock_gettime(CLOCK_BOOTTIME, {tv_sec=10009, tv_nsec=163878394}) = 0
23:16:56 write(3, "\1\0\0\0\0\0\0\0", 8) = 8
23:16:56 recvmsg(7, {msg_name={sa_family=AF_NETLINK, nl_pid=0, nl_groups=0x000001}, msg_namelen=12, msg_iov=[{iov_base={{len=1324, type=RTM_NEWLINK, flags=0, seq=0, pid=0}, {ifi_family=AF_UNSPEC, ifi_type=ARPHRD_ETHER, ifi_index=if_nametoindex("veth1"), ifi_flags=IFF_BROADCAST|IFF_MULTICAST, ifi_change=0xffffffff}, [{{nla_len=10, nla_type=IFLA_IFNAME}, "veth1"}, {{nla_len=8, nla_type=IFLA_TXQLEN}, 1000}, {{nla_len=5, nla_type=IFLA_OPERSTATE}, 2}, {{nla_len=5, nla_type=IFLA_LINKMODE}, 0}, {{nla_len=8, nla_type=IFLA_MTU}, 1500}, {{nla_len=8, nla_type=IFLA_GROUP}, 0}, {{nla_len=8, nla_type=IFLA_PROMISCUITY}, 0}, {{nla_len=8, nla_type=IFLA_NUM_TX_QUEUES}, 1}, {{nla_len=8, nla_type=IFLA_GSO_MAX_SEGS}, 65535}, {{nla_len=8, nla_type=IFLA_GSO_MAX_SIZE}, 65536}, {{nla_len=8, nla_type=IFLA_NUM_RX_QUEUES}, 1}, {{nla_len=5, nla_type=IFLA_CARRIER}, 0}, {{nla_len=9, nla_type=IFLA_QDISC}, "noop"}, {{nla_len=8, nla_type=IFLA_CARRIER_CHANGES}, 1}, {{nla_len=5, nla_type=IFLA_PROTO_DOWN}, 0}, {{nla_len=8, nla_type=0x2f /* IFLA_??? */}, "\x00\x00\x00\x00"}, {{nla_len=8, nla_type=0x30 /* IFLA_??? */}, "\x01\x00\x00\x00"}, {{nla_len=36, nla_type=IFLA_MAP}, {mem_start=0, mem_end=0, base_addr=0, irq=0, dma=0, port=0}}, {{nla_len=10, nla_type=IFLA_ADDRESS}, "\x6a\xc8\xf6\x9f\x1b\x9b"}, {{nla_len=10, nla_type=IFLA_BROADCAST}, "\xff\xff\xff\xff\xff\xff"}, {{nla_len=196, nla_type=IFLA_STATS64}, {rx_packets=0, tx_packets=0, rx_bytes=0, tx_bytes=0, rx_errors=0, tx_errors=0, rx_dropped=0, tx_dropped=0, multicast=0, collisions=0, rx_length_errors=0, rx_over_errors=0, rx_crc_errors=0, rx_frame_errors=0, rx_fifo_errors=0, rx_missed_errors=0, tx_aborted_errors=0, tx_carrier_errors=0, tx_fifo_errors=0, tx_heartbeat_errors=0, tx_window_errors=0, rx_compressed=0, tx_compressed=0, rx_nohandler=0}}, {{nla_len=100, nla_type=IFLA_STATS}, {rx_packets=0, tx_packets=0, rx_bytes=0, tx_bytes=0, rx_errors=0, tx_errors=0, rx_dropped=0, tx_dropped=0, multicast=0, collisions=0, rx_length_errors=0, rx_over_errors=0, rx_crc_errors=0, rx_frame_errors=0, rx_fifo_errors=0, rx_missed_errors=0, tx_aborted_errors=0, tx_carrier_errors=0, tx_fifo_errors=0, tx_heartbeat_errors=0, tx_window_errors=0, rx_compressed=0, tx_compressed=0, rx_nohandler=0}}, {{nla_len=12, nla_type=IFLA_XDP}, {{nla_len=5, nla_type=IFLA_XDP_ATTACHED}, 0}}, {{nla_len=16, nla_type=IFLA_LINKINFO}, {{nla_len=9, nla_type=IFLA_INFO_KIND}, "veth"}}, {{nla_len=8, nla_type=IFLA_LINK}, 0}, {{nla_len=756, nla_type=IFLA_AF_SPEC}, "\x84\x00\x02\x00\x80\x00\x01\x00\x01\x00\x00\x00\x00\x00\x00\x00\x00\x00\x00\x00\x01\x00\x00\x00\x01\x00\x00\x00\x01\x00\x00\x00"...}]}, iov_len=32768}], msg_iovlen=1, msg_control=[{cmsg_len=28, cmsg_level=SOL_SOCKET, cmsg_type=SCM_CREDENTIALS, cmsg_data={pid=0, uid=0, gid=0}}], msg_controllen=32, msg_flags=0}, 0) = 1324
23:16:56 recvmsg(7, {msg_name={sa_family=AF_NETLINK, nl_pid=0, nl_groups=0x000001}, msg_namelen=12, msg_iov=[{iov_base={{len=1324, type=RTM_NEWLINK, flags=0, seq=0, pid=0}, {ifi_family=AF_UNSPEC, ifi_type=ARPHRD_ETHER, ifi_index=if_nametoindex("veth0"), ifi_flags=IFF_BROADCAST|IFF_MULTICAST, ifi_change=0xffffffff}, [{{nla_len=10, nla_type=IFLA_IFNAME}, "veth0"}, {{nla_len=8, nla_type=IFLA_TXQLEN}, 1000}, {{nla_len=5, nla_type=IFLA_OPERSTATE}, 2}, {{nla_len=5, nla_type=IFLA_LINKMODE}, 0}, {{nla_len=8, nla_type=IFLA_MTU}, 1500}, {{nla_len=8, nla_type=IFLA_GROUP}, 0}, {{nla_len=8, nla_type=IFLA_PROMISCUITY}, 0}, {{nla_len=8, nla_type=IFLA_NUM_TX_QUEUES}, 1}, {{nla_len=8, nla_type=IFLA_GSO_MAX_SEGS}, 65535}, {{nla_len=8, nla_type=IFLA_GSO_MAX_SIZE}, 65536}, {{nla_len=8, nla_type=IFLA_NUM_RX_QUEUES}, 1}, {{nla_len=5, nla_type=IFLA_CARRIER}, 0}, {{nla_len=9, nla_type=IFLA_QDISC}, "noop"}, {{nla_len=8, nla_type=IFLA_CARRIER_CHANGES}, 1}, {{nla_len=5, nla_type=IFLA_PROTO_DOWN}, 0}, {{nla_len=8, nla_type=0x2f /* IFLA_??? */}, "\x00\x00\x00\x00"}, {{nla_len=8, nla_type=0x30 /* IFLA_??? */}, "\x01\x00\x00\x00"}, {{nla_len=36, nla_type=IFLA_MAP}, {mem_start=0, mem_end=0, base_addr=0, irq=0, dma=0, port=0}}, {{nla_len=10, nla_type=IFLA_ADDRESS}, "\xe6\xa1\xb3\xae\x60\x45"}, {{nla_len=10, nla_type=IFLA_BROADCAST}, "\xff\xff\xff\xff\xff\xff"}, {{nla_len=196, nla_type=IFLA_STATS64}, {rx_packets=0, tx_packets=0, rx_bytes=0, tx_bytes=0, rx_errors=0, tx_errors=0, rx_dropped=0, tx_dropped=0, multicast=0, collisions=0, rx_length_errors=0, rx_over_errors=0, rx_crc_errors=0, rx_frame_errors=0, rx_fifo_errors=0, rx_missed_errors=0, tx_aborted_errors=0, tx_carrier_errors=0, tx_fifo_errors=0, tx_heartbeat_errors=0, tx_window_errors=0, rx_compressed=0, tx_compressed=0, rx_nohandler=0}}, {{nla_len=100, nla_type=IFLA_STATS}, {rx_packets=0, tx_packets=0, rx_bytes=0, tx_bytes=0, rx_errors=0, tx_errors=0, rx_dropped=0, tx_dropped=0, multicast=0, collisions=0, rx_length_errors=0, rx_over_errors=0, rx_crc_errors=0, rx_frame_errors=0, rx_fifo_errors=0, rx_missed_errors=0, tx_aborted_errors=0, tx_carrier_errors=0, tx_fifo_errors=0, tx_heartbeat_errors=0, tx_window_errors=0, rx_compressed=0, tx_compressed=0, rx_nohandler=0}}, {{nla_len=12, nla_type=IFLA_XDP}, {{nla_len=5, nla_type=IFLA_XDP_ATTACHED}, 0}}, {{nla_len=16, nla_type=IFLA_LINKINFO}, {{nla_len=9, nla_type=IFLA_INFO_KIND}, "veth"}}, {{nla_len=8, nla_type=IFLA_LINK}, 26}, {{nla_len=756, nla_type=IFLA_AF_SPEC}, "\x84\x00\x02\x00\x80\x00\x01\x00\x01\x00\x00\x00\x00\x00\x00\x00\x00\x00\x00\x00\x01\x00\x00\x00\x01\x00\x00\x00\x01\x00\x00\x00"...}]}, iov_len=32768}], msg_iovlen=1, msg_control=[{cmsg_len=28, cmsg_level=SOL_SOCKET, cmsg_type=SCM_CREDENTIALS, cmsg_data={pid=0, uid=0, gid=0}}], msg_controllen=32, msg_flags=0}, 0) = 1324
23:16:56 recvmsg(7, {msg_namelen=12}, 0) = -1 EAGAIN (Resource temporarily unavailable)
23:16:56 recvmsg(7, {msg_namelen=12}, 0) = -1 EAGAIN (Resource temporarily unavailable)
23:16:56 sendmsg(7, {msg_name={sa_family=AF_NETLINK, nl_pid=0, nl_groups=00000000}, msg_namelen=12, msg_iov=[{iov_base={{len=20, type=RTM_GETADDR, flags=NLM_F_REQUEST|NLM_F_ACK|NLM_F_DUMP, seq=8085, pid=1564476038}, {ifa_family=AF_INET, ...}}, iov_len=20}], msg_iovlen=1, msg_controllen=0, msg_flags=0}, 0) = 20
23:16:56 clock_gettime(CLOCK_BOOTTIME, {tv_sec=10009, tv_nsec=164570011}) = 0
23:16:56 recvmsg(7, {msg_name={sa_family=AF_NETLINK, nl_pid=0, nl_groups=00000000}, msg_namelen=12, msg_iov=[{iov_base={{len=76, type=RTM_NEWADDR, flags=NLM_F_MULTI, seq=8085, pid=1564476038}, {ifa_family=AF_INET, ifa_prefixlen=8, ifa_flags=IFA_F_PERMANENT, ifa_scope=RT_SCOPE_HOST, ifa_index=if_nametoindex("lo")}, [{{nla_len=8, nla_type=IFA_ADDRESS}, 127.0.0.1}, {{nla_len=8, nla_type=IFA_LOCAL}, 127.0.0.1}, {{nla_len=7, nla_type=IFA_LABEL}, "lo"}, {{nla_len=8, nla_type=IFA_FLAGS}, IFA_F_PERMANENT}, {{nla_len=20, nla_type=IFA_CACHEINFO}, {ifa_prefered=4294967295, ifa_valid=4294967295, cstamp=276, tstamp=276}}]}, iov_len=32768}], msg_iovlen=1, msg_control=[{cmsg_len=28, cmsg_level=SOL_SOCKET, cmsg_type=SCM_CREDENTIALS, cmsg_data={pid=0, uid=0, gid=0}}], msg_controllen=32, msg_flags=0}, 0) = 76
23:16:56 recvmsg(7, {msg_name={sa_family=AF_NETLINK, nl_pid=0, nl_groups=00000000}, msg_namelen=12, msg_iov=[{iov_base={{len=20, type=NLMSG_DONE, flags=NLM_F_MULTI, seq=8085, pid=1564476038}, 0}, iov_len=32768}], msg_iovlen=1, msg_control=[{cmsg_len=28, cmsg_level=SOL_SOCKET, cmsg_type=SCM_CREDENTIALS, cmsg_data={pid=0, uid=0, gid=0}}], msg_controllen=32, msg_flags=0}, 0) = 20
23:16:56 recvmsg(7, {msg_namelen=12}, 0) = -1 EAGAIN (Resource temporarily unavailable)
23:16:56 sendmsg(7, {msg_name={sa_family=AF_NETLINK, nl_pid=0, nl_groups=00000000}, msg_namelen=12, msg_iov=[{iov_base={{len=20, type=RTM_GETADDR, flags=NLM_F_REQUEST|NLM_F_ACK|NLM_F_DUMP, seq=8086, pid=1564476038}, {ifa_family=AF_INET6, ...}}, iov_len=20}], msg_iovlen=1, msg_controllen=0, msg_flags=0}, 0) = 20
23:16:56 clock_gettime(CLOCK_BOOTTIME, {tv_sec=10009, tv_nsec=164770930}) = 0
23:16:56 recvmsg(7, {msg_name={sa_family=AF_NETLINK, nl_pid=0, nl_groups=00000000}, msg_namelen=12, msg_iov=[{iov_base={{len=72, type=RTM_NEWADDR, flags=NLM_F_MULTI, seq=8086, pid=1564476038}, {ifa_family=AF_INET6, ifa_prefixlen=128, ifa_flags=IFA_F_PERMANENT, ifa_scope=RT_SCOPE_HOST, ifa_index=if_nametoindex("lo")}, [{{nla_len=20, nla_type=IFA_ADDRESS}, ::1}, {{nla_len=20, nla_type=IFA_CACHEINFO}, {ifa_prefered=4294967295, ifa_valid=4294967295, cstamp=276, tstamp=276}}, {{nla_len=8, nla_type=IFA_FLAGS}, IFA_F_PERMANENT}]}, iov_len=32768}], msg_iovlen=1, msg_control=[{cmsg_len=28, cmsg_level=SOL_SOCKET, cmsg_type=SCM_CREDENTIALS, cmsg_data={pid=0, uid=0, gid=0}}], msg_controllen=32, msg_flags=0}, 0) = 72
23:16:56 recvmsg(7, {msg_name={sa_family=AF_NETLINK, nl_pid=0, nl_groups=00000000}, msg_namelen=12, msg_iov=[{iov_base={{len=20, type=NLMSG_DONE, flags=NLM_F_MULTI, seq=8086, pid=1564476038}, 0}, iov_len=32768}], msg_iovlen=1, msg_control=[{cmsg_len=28, cmsg_level=SOL_SOCKET, cmsg_type=SCM_CREDENTIALS, cmsg_data={pid=0, uid=0, gid=0}}], msg_controllen=32, msg_flags=0}, 0) = 20
23:16:56 recvmsg(7, {msg_namelen=12}, 0) = -1 EAGAIN (Resource temporarily unavailable)
23:16:56 sendmsg(7, {msg_name={sa_family=AF_NETLINK, nl_pid=0, nl_groups=00000000}, msg_namelen=12, msg_iov=[{iov_base={{len=20, type=RTM_GETROUTE, flags=NLM_F_REQUEST|NLM_F_ACK|NLM_F_DUMP, seq=8087, pid=1564476038}, {rtm_family=AF_INET, ...}}, iov_len=20}], msg_iovlen=1, msg_controllen=0, msg_flags=0}, 0) = 20
23:16:56 clock_gettime(CLOCK_BOOTTIME, {tv_sec=10009, tv_nsec=165670375}) = 0
23:16:56 recvmsg(7, {msg_name={sa_family=AF_NETLINK, nl_pid=0, nl_groups=00000000}, msg_namelen=12, msg_iov=[{iov_base=[{{len=60, type=RTM_NEWROUTE, flags=NLM_F_MULTI, seq=8087, pid=1564476038}, {rtm_family=AF_INET, rtm_dst_len=32, rtm_src_len=0, rtm_tos=0, rtm_table=RT_TABLE_LOCAL, rtm_protocol=RTPROT_KERNEL, rtm_scope=RT_SCOPE_LINK, rtm_type=RTN_BROADCAST, rtm_flags=0}, [{{nla_len=8, nla_type=RTA_TABLE}, RT_TABLE_LOCAL}, {{nla_len=8, nla_type=RTA_DST}, 127.0.0.0}, {{nla_len=8, nla_type=RTA_PREFSRC}, 127.0.0.1}, {{nla_len=8, nla_type=RTA_OIF}, if_nametoindex("lo")}]}, {{len=60, type=RTM_NEWROUTE, flags=NLM_F_MULTI, seq=8087, pid=1564476038}, {rtm_family=AF_INET, rtm_dst_len=8, rtm_src_len=0, rtm_tos=0, rtm_table=RT_TABLE_LOCAL, rtm_protocol=RTPROT_KERNEL, rtm_scope=RT_SCOPE_HOST, rtm_type=RTN_LOCAL, rtm_flags=0}, [{{nla_len=8, nla_type=RTA_TABLE}, RT_TABLE_LOCAL}, {{nla_len=8, nla_type=RTA_DST}, 127.0.0.0}, {{nla_len=8, nla_type=RTA_PREFSRC}, 127.0.0.1}, {{nla_len=8, nla_type=RTA_OIF}, if_nametoindex("lo")}]}, {{len=60, type=RTM_NEWROUTE, flags=NLM_F_MULTI, seq=8087, pid=1564476038}, {rtm_family=AF_INET, rtm_dst_len=32, rtm_src_len=0, rtm_tos=0, rtm_table=RT_TABLE_LOCAL, rtm_protocol=RTPROT_KERNEL, rtm_scope=RT_SCOPE_HOST, rtm_type=RTN_LOCAL, rtm_flags=0}, [{{nla_len=8, nla_type=RTA_TABLE}, RT_TABLE_LOCAL}, {{nla_len=8, nla_type=RTA_DST}, 127.0.0.1}, {{nla_len=8, nla_type=RTA_PREFSRC}, 127.0.0.1}, {{nla_len=8, nla_type=RTA_OIF}, if_nametoindex("lo")}]}, {{len=60, type=RTM_NEWROUTE, flags=NLM_F_MULTI, seq=8087, pid=1564476038}, {rtm_family=AF_INET, rtm_dst_len=32, rtm_src_len=0, rtm_tos=0, rtm_table=RT_TABLE_LOCAL, rtm_protocol=RTPROT_KERNEL, rtm_scope=RT_SCOPE_LINK, rtm_type=RTN_BROADCAST, rtm_flags=0}, [{{nla_len=8, nla_type=RTA_TABLE}, RT_TABLE_LOCAL}, {{nla_len=8, nla_type=RTA_DST}, 127.255.255.255}, {{nla_len=8, nla_type=RTA_PREFSRC}, 127.0.0.1}, {{nla_len=8, nla_type=RTA_OIF}, if_nametoindex("lo")}]}], iov_len=32768}], msg_iovlen=1, msg_control=[{cmsg_len=28, cmsg_level=SOL_SOCKET, cmsg_type=SCM_CREDENTIALS, cmsg_data={pid=0, uid=0, gid=0}}], msg_controllen=32, msg_flags=0}, 0) = 240
23:16:56 recvmsg(7, {msg_name={sa_family=AF_NETLINK, nl_pid=0, nl_groups=00000000}, msg_namelen=12, msg_iov=[{iov_base={{len=20, type=NLMSG_DONE, flags=NLM_F_MULTI, seq=8087, pid=1564476038}, 0}, iov_len=32768}], msg_iovlen=1, msg_control=[{cmsg_len=28, cmsg_level=SOL_SOCKET, cmsg_type=SCM_CREDENTIALS, cmsg_data={pid=0, uid=0, gid=0}}], msg_controllen=32, msg_flags=0}, 0) = 20
23:16:56 recvmsg(7, {msg_namelen=12}, 0) = -1 EAGAIN (Resource temporarily unavailable)
23:16:56 sendmsg(7, {msg_name={sa_family=AF_NETLINK, nl_pid=0, nl_groups=00000000}, msg_namelen=12, msg_iov=[{iov_base={{len=20, type=RTM_GETROUTE, flags=NLM_F_REQUEST|NLM_F_ACK|NLM_F_DUMP, seq=8088, pid=1564476038}, {rtm_family=AF_INET6, ...}}, iov_len=20}], msg_iovlen=1, msg_controllen=0, msg_flags=0}, 0) = 20
23:16:56 clock_gettime(CLOCK_BOOTTIME, {tv_sec=10009, tv_nsec=166051411}) = 0
23:16:56 recvmsg(7, {msg_name={sa_family=AF_NETLINK, nl_pid=0, nl_groups=00000000}, msg_namelen=12, msg_iov=[{iov_base=[{{len=116, type=RTM_NEWROUTE, flags=NLM_F_MULTI, seq=8088, pid=1564476038}, {rtm_family=AF_INET6, rtm_dst_len=128, rtm_src_len=0, rtm_tos=0, rtm_table=RT_TABLE_MAIN, rtm_protocol=RTPROT_KERNEL, rtm_scope=RT_SCOPE_UNIVERSE, rtm_type=RTN_LOCAL, rtm_flags=0}, [{{nla_len=8, nla_type=RTA_TABLE}, RT_TABLE_MAIN}, {{nla_len=20, nla_type=RTA_DST}, ::1}, {{nla_len=8, nla_type=RTA_PRIORITY}, 256}, {{nla_len=8, nla_type=RTA_OIF}, if_nametoindex("lo")}, {{nla_len=36, nla_type=RTA_CACHEINFO}, {rta_clntref=1, rta_lastuse=1000639, rta_expires=0, rta_error=0, rta_used=0, rta_id=0, rta_ts=0, rta_tsage=0}}, {{nla_len=5, nla_type=RTA_PREF}, 0}]}, {{len=116, type=RTM_NEWROUTE, flags=NLM_F_MULTI, seq=8088, pid=1564476038}, {rtm_family=AF_INET6, rtm_dst_len=128, rtm_src_len=0, rtm_tos=0, rtm_table=RT_TABLE_LOCAL, rtm_protocol=RTPROT_KERNEL, rtm_scope=RT_SCOPE_UNIVERSE, rtm_type=RTN_LOCAL, rtm_flags=0}, [{{nla_len=8, nla_type=RTA_TABLE}, RT_TABLE_LOCAL}, {{nla_len=20, nla_type=RTA_DST}, ::1}, {{nla_len=8, nla_type=RTA_PRIORITY}, 0}, {{nla_len=8, nla_type=RTA_OIF}, if_nametoindex("lo")}, {{nla_len=36, nla_type=RTA_CACHEINFO}, {rta_clntref=3, rta_lastuse=999688, rta_expires=0, rta_error=0, rta_used=3, rta_id=0, rta_ts=0, rta_tsage=0}}, {{nla_len=5, nla_type=RTA_PREF}, 0}]}], iov_len=32768}], msg_iovlen=1, msg_control=[{cmsg_len=28, cmsg_level=SOL_SOCKET, cmsg_type=SCM_CREDENTIALS, cmsg_data={pid=0, uid=0, gid=0}}], msg_controllen=32, msg_flags=0}, 0) = 232
23:16:56 recvmsg(7, {msg_name={sa_family=AF_NETLINK, nl_pid=0, nl_groups=00000000}, msg_namelen=12, msg_iov=[{iov_base={{len=20, type=NLMSG_DONE, flags=NLM_F_MULTI, seq=8088, pid=1564476038}, 0}, iov_len=32768}], msg_iovlen=1, msg_control=[{cmsg_len=28, cmsg_level=SOL_SOCKET, cmsg_type=SCM_CREDENTIALS, cmsg_data={pid=0, uid=0, gid=0}}], msg_controllen=32, msg_flags=0}, 0) = 20
23:16:56 recvmsg(7, {msg_namelen=12}, 0) = -1 EAGAIN (Resource temporarily unavailable)
23:16:56 sendmsg(7, {msg_name={sa_family=AF_NETLINK, nl_pid=0, nl_groups=00000000}, msg_namelen=12, msg_iov=[{iov_base={{len=36, type=RTM_GETQDISC, flags=NLM_F_REQUEST|NLM_F_ACK|NLM_F_DUMP, seq=8089, pid=1564476038}, {tcm_family=AF_UNSPEC, tcm_ifindex=0, tcm_handle=0, tcm_parent=0, tcm_info=0}}, iov_len=36}], msg_iovlen=1, msg_controllen=0, msg_flags=0}, 0) = 36
23:16:56 clock_gettime(CLOCK_BOOTTIME, {tv_sec=10009, tv_nsec=172230311}) = 0
23:16:56 recvmsg(7, {msg_name={sa_family=AF_NETLINK, nl_pid=0, nl_groups=00000000}, msg_namelen=12, msg_iov=[{iov_base=[{{len=148, type=RTM_NEWQDISC, flags=NLM_F_MULTI, seq=8089, pid=1564476038}, {tcm_family=AF_UNSPEC, tcm_ifindex=if_nametoindex("lo"), tcm_handle=0, tcm_parent=4294967295, tcm_info=2}, [{{nla_len=12, nla_type=TCA_KIND}, "noqueue"}, {{nla_len=5, nla_type=0xc /* TCA_??? */}, "\x00"}, {{nla_len=48, nla_type=TCA_STATS2}, [{{nla_len=20, nla_type=TCA_STATS_BASIC}, {bytes=0, packets=0}}, {{nla_len=24, nla_type=TCA_STATS_QUEUE}, {qlen=0, backlog=0, drops=0, requeues=0, overlimits=0}}]}, {{nla_len=44, nla_type=TCA_STATS}, {bytes=0, packets=0, drops=0, overlimits=0, bps=0, pps=0, qlen=0, backlog=0}}]}, {{len=308, type=RTM_NEWQDISC, flags=NLM_F_MULTI, seq=8089, pid=1564476038}, {tcm_family=AF_UNSPEC, tcm_ifindex=if_nametoindex("enp0s3"), tcm_handle=0, tcm_parent=4294967295, tcm_info=2}, [{{nla_len=13, nla_type=TCA_KIND}, "fq_codel"}, {{nla_len=5, nla_type=0xc /* TCA_??? */}, "\x00"}, {{nla_len=68, nla_type=TCA_OPTIONS}, "\x08\x00\x01\x00\x87\x13\x00\x00\x08\x00\x02\x00\x00\x28\x00\x00\x08\x00\x03\x00\x9f\x86\x01\x00\x08\x00\x04\x00\x01\x00\x00\x00"...}, {{nla_len=92, nla_type=TCA_STATS2}, [{{nla_len=44, nla_type=TCA_STATS_APP}, "\x00\x00\x00\x00\x4e\x00\x00\x00\x00\x00\x00\x00\x00\x00\x00\x00\x02\x00\x00\x00\x00\x00\x00\x00\x00\x00\x00\x00\x00\x00\x00\x00"...}, {{nla_len=20, nla_type=TCA_STATS_BASIC}, {bytes=406762, packets=3202}}, {{nla_len=24, nla_type=TCA_STATS_QUEUE}, {qlen=0, backlog=0, drops=0, requeues=2, overlimits=0}}]}, {{nla_len=44, nla_type=TCA_STATS}, {bytes=406762, packets=3202, drops=0, overlimits=0, bps=0, pps=0, qlen=0, backlog=0}}, {{nla_len=44, nla_type=TCA_XSTATS}, "\x00\x00\x00\x00\x4e\x00\x00\x00\x00\x00\x00\x00\x00\x00\x00\x00\x02\x00\x00\x00\x00\x00\x00\x00\x00\x00\x00\x00\x00\x00\x00\x00"...}]}], iov_len=32768}], msg_iovlen=1, msg_control=[{cmsg_len=28, cmsg_level=SOL_SOCKET, cmsg_type=SCM_CREDENTIALS, cmsg_data={pid=0, uid=0, gid=0}}], msg_controllen=32, msg_flags=0}, 0) = 456
23:16:56 recvmsg(7, {msg_name={sa_family=AF_NETLINK, nl_pid=0, nl_groups=00000000}, msg_namelen=12, msg_iov=[{iov_base={{len=20, type=NLMSG_DONE, flags=NLM_F_MULTI, seq=8089, pid=1564476038}, 0}, iov_len=32768}], msg_iovlen=1, msg_control=[{cmsg_len=28, cmsg_level=SOL_SOCKET, cmsg_type=SCM_CREDENTIALS, cmsg_data={pid=0, uid=0, gid=0}}], msg_controllen=32, msg_flags=0}, 0) = 20
23:16:56 recvmsg(7, {msg_namelen=12}, 0) = -1 EAGAIN (Resource temporarily unavailable)
23:16:56 sendmsg(7, {msg_name={sa_family=AF_NETLINK, nl_pid=0, nl_groups=00000000}, msg_namelen=12, msg_iov=[{iov_base={{len=36, type=RTM_GETTFILTER, flags=NLM_F_REQUEST|NLM_F_ACK|NLM_F_DUMP, seq=8090, pid=1564476038}, {tcm_family=AF_UNSPEC, tcm_ifindex=0, tcm_handle=0, tcm_parent=0, tcm_info=0}}, iov_len=36}], msg_iovlen=1, msg_controllen=0, msg_flags=0}, 0) = 36
23:16:56 clock_gettime(CLOCK_BOOTTIME, {tv_sec=10009, tv_nsec=173763366}) = 0
23:16:56 recvmsg(7, {msg_name={sa_family=AF_NETLINK, nl_pid=0, nl_groups=00000000}, msg_namelen=12, msg_iov=[{iov_base={{len=20, type=NLMSG_DONE, flags=NLM_F_MULTI, seq=8090, pid=1564476038}, 0}, iov_len=32768}], msg_iovlen=1, msg_control=[{cmsg_len=28, cmsg_level=SOL_SOCKET, cmsg_type=SCM_CREDENTIALS, cmsg_data={pid=0, uid=0, gid=0}}], msg_controllen=32, msg_flags=0}, 0) = 20
23:16:56 recvmsg(7, {msg_namelen=12}, 0) = -1 EAGAIN (Resource temporarily unavailable)
23:16:56 sendmsg(7, {msg_name={sa_family=AF_NETLINK, nl_pid=0, nl_groups=00000000}, msg_namelen=12, msg_iov=[{iov_base={{len=32, type=RTM_GETLINK, flags=NLM_F_REQUEST|NLM_F_ACK, seq=8091, pid=1564476038}, {ifi_family=AF_UNSPEC, ifi_type=ARPHRD_NETROM, ifi_index=if_nametoindex("veth1"), ifi_flags=0, ifi_change=0}}, iov_len=32}], msg_iovlen=1, msg_controllen=0, msg_flags=0}, 0) = 32
23:16:56 clock_gettime(CLOCK_BOOTTIME, {tv_sec=10009, tv_nsec=173919703}) = 0
23:16:56 recvmsg(7, {msg_name={sa_family=AF_NETLINK, nl_pid=0, nl_groups=00000000}, msg_namelen=12, msg_iov=[{iov_base={{len=1324, type=RTM_NEWLINK, flags=0, seq=8091, pid=1564476038}, {ifi_family=AF_UNSPEC, ifi_type=ARPHRD_ETHER, ifi_index=if_nametoindex("veth1"), ifi_flags=IFF_BROADCAST|IFF_MULTICAST, ifi_change=0}, [{{nla_len=10, nla_type=IFLA_IFNAME}, "veth1"}, {{nla_len=8, nla_type=IFLA_TXQLEN}, 1000}, {{nla_len=5, nla_type=IFLA_OPERSTATE}, 2}, {{nla_len=5, nla_type=IFLA_LINKMODE}, 0}, {{nla_len=8, nla_type=IFLA_MTU}, 1500}, {{nla_len=8, nla_type=IFLA_GROUP}, 0}, {{nla_len=8, nla_type=IFLA_PROMISCUITY}, 0}, {{nla_len=8, nla_type=IFLA_NUM_TX_QUEUES}, 1}, {{nla_len=8, nla_type=IFLA_GSO_MAX_SEGS}, 65535}, {{nla_len=8, nla_type=IFLA_GSO_MAX_SIZE}, 65536}, {{nla_len=8, nla_type=IFLA_NUM_RX_QUEUES}, 1}, {{nla_len=5, nla_type=IFLA_CARRIER}, 0}, {{nla_len=9, nla_type=IFLA_QDISC}, "noop"}, {{nla_len=8, nla_type=IFLA_CARRIER_CHANGES}, 1}, {{nla_len=5, nla_type=IFLA_PROTO_DOWN}, 0}, {{nla_len=8, nla_type=0x2f /* IFLA_??? */}, "\x00\x00\x00\x00"}, {{nla_len=8, nla_type=0x30 /* IFLA_??? */}, "\x01\x00\x00\x00"}, {{nla_len=36, nla_type=IFLA_MAP}, {mem_start=0, mem_end=0, base_addr=0, irq=0, dma=0, port=0}}, {{nla_len=10, nla_type=IFLA_ADDRESS}, "\x6a\xc8\xf6\x9f\x1b\x9b"}, {{nla_len=10, nla_type=IFLA_BROADCAST}, "\xff\xff\xff\xff\xff\xff"}, {{nla_len=196, nla_type=IFLA_STATS64}, {rx_packets=0, tx_packets=0, rx_bytes=0, tx_bytes=0, rx_errors=0, tx_errors=0, rx_dropped=0, tx_dropped=0, multicast=0, collisions=0, rx_length_errors=0, rx_over_errors=0, rx_crc_errors=0, rx_frame_errors=0, rx_fifo_errors=0, rx_missed_errors=0, tx_aborted_errors=0, tx_carrier_errors=0, tx_fifo_errors=0, tx_heartbeat_errors=0, tx_window_errors=0, rx_compressed=0, tx_compressed=0, rx_nohandler=0}}, {{nla_len=100, nla_type=IFLA_STATS}, {rx_packets=0, tx_packets=0, rx_bytes=0, tx_bytes=0, rx_errors=0, tx_errors=0, rx_dropped=0, tx_dropped=0, multicast=0, collisions=0, rx_length_errors=0, rx_over_errors=0, rx_crc_errors=0, rx_frame_errors=0, rx_fifo_errors=0, rx_missed_errors=0, tx_aborted_errors=0, tx_carrier_errors=0, tx_fifo_errors=0, tx_heartbeat_errors=0, tx_window_errors=0, rx_compressed=0, tx_compressed=0, rx_nohandler=0}}, {{nla_len=12, nla_type=IFLA_XDP}, {{nla_len=5, nla_type=IFLA_XDP_ATTACHED}, 0}}, {{nla_len=16, nla_type=IFLA_LINKINFO}, {{nla_len=9, nla_type=IFLA_INFO_KIND}, "veth"}}, {{nla_len=8, nla_type=IFLA_LINK}, 27}, {{nla_len=756, nla_type=IFLA_AF_SPEC}, "\x84\x00\x02\x00\x80\x00\x01\x00\x01\x00\x00\x00\x00\x00\x00\x00\x00\x00\x00\x00\x01\x00\x00\x00\x01\x00\x00\x00\x01\x00\x00\x00"...}]}, iov_len=32768}], msg_iovlen=1, msg_control=[{cmsg_len=28, cmsg_level=SOL_SOCKET, cmsg_type=SCM_CREDENTIALS, cmsg_data={pid=0, uid=0, gid=0}}], msg_controllen=32, msg_flags=0}, 0) = 1324
23:16:56 recvmsg(7, {msg_name={sa_family=AF_NETLINK, nl_pid=0, nl_groups=00000000}, msg_namelen=12, msg_iov=[{iov_base={{len=36, type=NLMSG_ERROR, flags=NLM_F_CAPPED, seq=8091, pid=1564476038}, {error=0, msg={len=32, type=RTM_GETLINK, flags=NLM_F_REQUEST|NLM_F_ACK, seq=8091, pid=1564476038}}}, iov_len=32768}], msg_iovlen=1, msg_control=[{cmsg_len=28, cmsg_level=SOL_SOCKET, cmsg_type=SCM_CREDENTIALS, cmsg_data={pid=0, uid=0, gid=0}}], msg_controllen=32, msg_flags=0}, 0) = 36
23:16:56 recvmsg(7, {msg_namelen=12}, 0) = -1 EAGAIN (Resource temporarily unavailable)
23:16:56 write(3, "\1\0\0\0\0\0\0\0", 8) = 8
23:16:56 poll([{fd=3, events=POLLIN}, {fd=6, events=POLLIN}, {fd=7, events=POLLIN|POLLPRI}, {fd=11, events=POLLIN}, {fd=12, events=POLLIN}, {fd=13, events=POLLIN}, {fd=14, events=POLLIN}, {fd=15, events=POLLIN}, {fd=16, events=POLLIN}], 9, 0) = 1 ([{fd=3, revents=POLLIN}])
23:16:56 read(3, "\2\0\0\0\0\0\0\0", 16) = 8
23:16:56 epoll_wait(15, [], 1, 0)       = 0
23:16:56 clock_gettime(CLOCK_BOOTTIME, {tv_sec=10009, tv_nsec=174287208}) = 0
23:16:56 socket(AF_UNIX, SOCK_DGRAM|SOCK_CLOEXEC, 0) = 17
23:16:56 ioctl(17, SIOCGIFNAME, {ifr_index=26, ifr_name="veth1"}) = 0
23:16:56 close(17)                      = 0
23:16:56 socket(AF_INET, SOCK_DGRAM|SOCK_CLOEXEC, IPPROTO_IP) = 17
23:16:56 ioctl(17, SIOCETHTOOL, 0x7fff43dce8b0) = 0
23:16:56 close(17)                      = 0
23:16:56 openat(AT_FDCWD, "/sys/class/net/veth1", O_RDONLY|O_CLOEXEC|O_DIRECTORY) = 17
23:16:56 openat(17, "ifindex", O_RDONLY|O_CLOEXEC) = 20
23:16:56 read(20, "26\n", 254)          = 3
23:16:56 read(20, "", 251)              = 0
23:16:56 close(20)                      = 0
23:16:56 openat(17, "phys_port_id", O_RDONLY|O_CLOEXEC) = 20
23:16:56 fstat(20, {st_mode=S_IFREG|0444, st_size=4096, ...}) = 0
23:16:56 read(20, 0x55fb3fe42800, 4096) = -1 EOPNOTSUPP (Operation not supported)
23:16:56 close(20)                      = 0
23:16:56 close(17)                      = 0
23:16:56 openat(AT_FDCWD, "/sys/class/net/veth1", O_RDONLY|O_CLOEXEC|O_DIRECTORY) = 17
23:16:56 openat(17, "ifindex", O_RDONLY|O_CLOEXEC) = 20
23:16:56 read(20, "26\n", 254)          = 3
23:16:56 read(20, "", 251)              = 0
23:16:56 close(20)                      = 0
23:16:56 openat(17, "dev_id", O_RDONLY|O_CLOEXEC) = 20
23:16:56 fstat(20, {st_mode=S_IFREG|0444, st_size=4096, ...}) = 0
23:16:56 read(20, "0x0\n", 4096)        = 4
23:16:56 read(20, "", 4092)             = 0
23:16:56 close(20)                      = 0
23:16:56 close(17)                      = 0
23:16:56 socket(AF_UNIX, SOCK_DGRAM|SOCK_CLOEXEC, 0) = 17
23:16:56 ioctl(17, SIOCGIFNAME, {ifr_index=26, ifr_name="veth1"}) = 0
23:16:56 close(17)                      = 0
23:16:56 socket(AF_INET, SOCK_DGRAM|SOCK_CLOEXEC, IPPROTO_IP) = 17
23:16:56 ioctl(17, SIOCETHTOOL, 0x7fff43dceda0) = 0
23:16:56 close(17)                      = 0
23:16:56 openat(AT_FDCWD, "/sys/class/net/veth1", O_RDONLY|O_CLOEXEC|O_DIRECTORY) = 17
23:16:56 openat(17, "ifindex", O_RDONLY|O_CLOEXEC) = 20
23:16:56 read(20, "26\n", 254)          = 3
23:16:56 read(20, "", 251)              = 0
23:16:56 close(20)                      = 0
23:16:56 openat(17, "device/sriov_totalvfs", O_RDONLY|O_CLOEXEC) = -1 ENOENT (No such file or directory)
23:16:56 close(17)                      = 0
23:16:56 socket(AF_UNIX, SOCK_DGRAM|SOCK_CLOEXEC, 0) = 17
23:16:56 ioctl(17, SIOCGIFNAME, {ifr_index=26, ifr_name="veth1"}) = 0
23:16:56 close(17)                      = 0
23:16:56 socket(AF_INET, SOCK_DGRAM|SOCK_CLOEXEC, IPPROTO_IP) = 17
23:16:56 ioctl(17, SIOCETHTOOL, 0x7fff43dcecf0) = 0
23:16:56 close(17)                      = 0
23:16:56 recvmsg(7, {msg_namelen=12}, 0) = -1 EAGAIN (Resource temporarily unavailable)
23:16:56 sendmsg(7, {msg_name={sa_family=AF_NETLINK, nl_pid=0, nl_groups=00000000}, msg_namelen=12, msg_iov=[{iov_base={{len=32, type=RTM_GETLINK, flags=NLM_F_REQUEST|NLM_F_ACK, seq=8092, pid=1564476038}, {ifi_family=AF_UNSPEC, ifi_type=ARPHRD_NETROM, ifi_index=if_nametoindex("veth1"), ifi_flags=0, ifi_change=0}}, iov_len=32}], msg_iovlen=1, msg_controllen=0, msg_flags=0}, 0) = 32
23:16:56 clock_gettime(CLOCK_BOOTTIME, {tv_sec=10009, tv_nsec=178260913}) = 0
23:16:56 recvmsg(7, {msg_name={sa_family=AF_NETLINK, nl_pid=0, nl_groups=00000000}, msg_namelen=12, msg_iov=[{iov_base={{len=1324, type=RTM_NEWLINK, flags=0, seq=8092, pid=1564476038}, {ifi_family=AF_UNSPEC, ifi_type=ARPHRD_ETHER, ifi_index=if_nametoindex("veth1"), ifi_flags=IFF_BROADCAST|IFF_MULTICAST, ifi_change=0}, [{{nla_len=10, nla_type=IFLA_IFNAME}, "veth1"}, {{nla_len=8, nla_type=IFLA_TXQLEN}, 1000}, {{nla_len=5, nla_type=IFLA_OPERSTATE}, 2}, {{nla_len=5, nla_type=IFLA_LINKMODE}, 0}, {{nla_len=8, nla_type=IFLA_MTU}, 1500}, {{nla_len=8, nla_type=IFLA_GROUP}, 0}, {{nla_len=8, nla_type=IFLA_PROMISCUITY}, 0}, {{nla_len=8, nla_type=IFLA_NUM_TX_QUEUES}, 1}, {{nla_len=8, nla_type=IFLA_GSO_MAX_SEGS}, 65535}, {{nla_len=8, nla_type=IFLA_GSO_MAX_SIZE}, 65536}, {{nla_len=8, nla_type=IFLA_NUM_RX_QUEUES}, 1}, {{nla_len=5, nla_type=IFLA_CARRIER}, 0}, {{nla_len=9, nla_type=IFLA_QDISC}, "noop"}, {{nla_len=8, nla_type=IFLA_CARRIER_CHANGES}, 1}, {{nla_len=5, nla_type=IFLA_PROTO_DOWN}, 0}, {{nla_len=8, nla_type=0x2f /* IFLA_??? */}, "\x00\x00\x00\x00"}, {{nla_len=8, nla_type=0x30 /* IFLA_??? */}, "\x01\x00\x00\x00"}, {{nla_len=36, nla_type=IFLA_MAP}, {mem_start=0, mem_end=0, base_addr=0, irq=0, dma=0, port=0}}, {{nla_len=10, nla_type=IFLA_ADDRESS}, "\x6a\xc8\xf6\x9f\x1b\x9b"}, {{nla_len=10, nla_type=IFLA_BROADCAST}, "\xff\xff\xff\xff\xff\xff"}, {{nla_len=196, nla_type=IFLA_STATS64}, {rx_packets=0, tx_packets=0, rx_bytes=0, tx_bytes=0, rx_errors=0, tx_errors=0, rx_dropped=0, tx_dropped=0, multicast=0, collisions=0, rx_length_errors=0, rx_over_errors=0, rx_crc_errors=0, rx_frame_errors=0, rx_fifo_errors=0, rx_missed_errors=0, tx_aborted_errors=0, tx_carrier_errors=0, tx_fifo_errors=0, tx_heartbeat_errors=0, tx_window_errors=0, rx_compressed=0, tx_compressed=0, rx_nohandler=0}}, {{nla_len=100, nla_type=IFLA_STATS}, {rx_packets=0, tx_packets=0, rx_bytes=0, tx_bytes=0, rx_errors=0, tx_errors=0, rx_dropped=0, tx_dropped=0, multicast=0, collisions=0, rx_length_errors=0, rx_over_errors=0, rx_crc_errors=0, rx_frame_errors=0, rx_fifo_errors=0, rx_missed_errors=0, tx_aborted_errors=0, tx_carrier_errors=0, tx_fifo_errors=0, tx_heartbeat_errors=0, tx_window_errors=0, rx_compressed=0, tx_compressed=0, rx_nohandler=0}}, {{nla_len=12, nla_type=IFLA_XDP}, {{nla_len=5, nla_type=IFLA_XDP_ATTACHED}, 0}}, {{nla_len=16, nla_type=IFLA_LINKINFO}, {{nla_len=9, nla_type=IFLA_INFO_KIND}, "veth"}}, {{nla_len=8, nla_type=IFLA_LINK}, 27}, {{nla_len=756, nla_type=IFLA_AF_SPEC}, "\x84\x00\x02\x00\x80\x00\x01\x00\x01\x00\x00\x00\x00\x00\x00\x00\x00\x00\x00\x00\x01\x00\x00\x00\x01\x00\x00\x00\x01\x00\x00\x00"...}]}, iov_len=32768}], msg_iovlen=1, msg_control=[{cmsg_len=28, cmsg_level=SOL_SOCKET, cmsg_type=SCM_CREDENTIALS, cmsg_data={pid=0, uid=0, gid=0}}], msg_controllen=32, msg_flags=0}, 0) = 1324
23:16:56 recvmsg(7, {msg_name={sa_family=AF_NETLINK, nl_pid=0, nl_groups=00000000}, msg_namelen=12, msg_iov=[{iov_base={{len=36, type=NLMSG_ERROR, flags=NLM_F_CAPPED, seq=8092, pid=1564476038}, {error=0, msg={len=32, type=RTM_GETLINK, flags=NLM_F_REQUEST|NLM_F_ACK, seq=8092, pid=1564476038}}}, iov_len=32768}], msg_iovlen=1, msg_control=[{cmsg_len=28, cmsg_level=SOL_SOCKET, cmsg_type=SCM_CREDENTIALS, cmsg_data={pid=0, uid=0, gid=0}}], msg_controllen=32, msg_flags=0}, 0) = 36
23:16:56 recvmsg(7, {msg_namelen=12}, 0) = -1 EAGAIN (Resource temporarily unavailable)
23:16:56 socket(AF_UNIX, SOCK_DGRAM|SOCK_CLOEXEC, 0) = 17
23:16:56 ioctl(17, SIOCGIFNAME, {ifr_index=26, ifr_name="veth1"}) = 0
23:16:56 close(17)                      = 0
23:16:56 socket(AF_INET, SOCK_DGRAM|SOCK_CLOEXEC, IPPROTO_IP) = 17
23:16:56 ioctl(17, SIOCETHTOOL, 0x7fff43dcebf0) = 0
23:16:56 close(17)                      = 0
23:16:56 write(9, "\1\0\0\0\0\0\0\0", 8) = 8
23:16:56 futex(0x7f9cbc00db20, FUTEX_WAKE_PRIVATE, 1) = 1
23:16:56 futex(0x7f9cbc00dab0, FUTEX_WAKE_PRIVATE, 1) = 1
23:16:56 futex(0x55fb3fd47078, FUTEX_WAKE_PRIVATE, 1) = 1
23:16:56 clock_gettime(CLOCK_BOOTTIME, {tv_sec=10009, tv_nsec=180089212}) = 0
23:16:56 getpid()                       = 646
23:16:56 sendmsg(5, {msg_name={sa_family=AF_UNIX, sun_path="/run/systemd/journal/socket"}, msg_namelen=29, msg_iov=[{iov_base="PRIORITY=6", iov_len=10}, {iov_base="\n", iov_len=1}, {iov_base="MESSAGE=<info>  [1585019816.8768"..., iov_len=112}, {iov_base="\n", iov_len=1}, {iov_base="SYSLOG_IDENTIFIER=NetworkManager", iov_len=32}, {iov_base="\n", iov_len=1}, {iov_base="SYSLOG_PID=646", iov_len=14}, {iov_base="\n", iov_len=1}, {iov_base="SYSLOG_FACILITY=DEVICE", iov_len=22}, {iov_base="\n", iov_len=1}, {iov_base="NM_LOG_DOMAINS=DEVICE", iov_len=21}, {iov_base="\n", iov_len=1}, {iov_base="NM_LOG_LEVEL=INFO", iov_len=17}, {iov_base="\n", iov_len=1}, {iov_base="CODE_FILE=src/nm-manager.c", iov_len=26}, {iov_base="\n", iov_len=1}, {iov_base="CODE_LINE=2623", iov_len=14}, {iov_base="\n", iov_len=1}, {iov_base="TIMESTAMP_MONOTONIC=10002.180089", iov_len=32}, {iov_base="\n", iov_len=1}, {iov_base="TIMESTAMP_BOOTTIME=10009.180089", iov_len=31}, {iov_base="\n", iov_len=1}, {iov_base="NM_DEVICE=veth1", iov_len=15}, {iov_base="\n", iov_len=1}], msg_iovlen=24, msg_controllen=0, msg_flags=0}, MSG_NOSIGNAL) = 358
23:16:56 write(9, "\1\0\0\0\0\0\0\0", 8) = 8
23:16:56 futex(0x7f9cbc00db20, FUTEX_WAKE_PRIVATE, 1) = 1
23:16:56 futex(0x7f9cbc00dab0, FUTEX_WAKE_PRIVATE, 1) = 1
23:16:56 futex(0x55fb3fd47078, FUTEX_WAKE_PRIVATE, 1) = 1
23:16:56 socket(AF_UNIX, SOCK_DGRAM|SOCK_CLOEXEC, 0) = 17
23:16:56 ioctl(17, SIOCGIFNAME, {ifr_index=27, ifr_name="veth0"}) = 0
23:16:56 close(17)                      = 0
23:16:56 socket(AF_INET, SOCK_DGRAM|SOCK_CLOEXEC, IPPROTO_IP) = 17
23:16:56 ioctl(17, SIOCETHTOOL, 0x7fff43dce8b0) = 0
23:16:56 close(17)                      = 0
23:16:56 openat(AT_FDCWD, "/sys/class/net/veth0", O_RDONLY|O_CLOEXEC|O_DIRECTORY) = 17
23:16:56 openat(17, "ifindex", O_RDONLY|O_CLOEXEC) = 20
23:16:56 read(20, "27\n", 254)          = 3
23:16:56 read(20, "", 251)              = 0
23:16:56 close(20)                      = 0
23:16:56 openat(17, "phys_port_id", O_RDONLY|O_CLOEXEC) = 20
23:16:56 fstat(20, {st_mode=S_IFREG|0444, st_size=4096, ...}) = 0
23:16:56 read(20, 0x55fb3fe42820, 4096) = -1 EOPNOTSUPP (Operation not supported)
23:16:56 close(20)                      = 0
23:16:56 close(17)                      = 0
23:16:56 openat(AT_FDCWD, "/sys/class/net/veth0", O_RDONLY|O_CLOEXEC|O_DIRECTORY) = 17
23:16:56 openat(17, "ifindex", O_RDONLY|O_CLOEXEC) = 20
23:16:56 read(20, "27\n", 254)          = 3
23:16:56 read(20, "", 251)              = 0
23:16:56 close(20)                      = 0
23:16:56 openat(17, "dev_id", O_RDONLY|O_CLOEXEC) = 20
23:16:56 fstat(20, {st_mode=S_IFREG|0444, st_size=4096, ...}) = 0
23:16:56 read(20, "0x0\n", 4096)        = 4
23:16:56 read(20, "", 4092)             = 0
23:16:56 close(20)                      = 0
23:16:56 close(17)                      = 0
23:16:56 socket(AF_UNIX, SOCK_DGRAM|SOCK_CLOEXEC, 0) = 17
23:16:56 ioctl(17, SIOCGIFNAME, {ifr_index=27, ifr_name="veth0"}) = 0
23:16:56 close(17)                      = 0
23:16:56 socket(AF_INET, SOCK_DGRAM|SOCK_CLOEXEC, IPPROTO_IP) = 17
23:16:56 ioctl(17, SIOCETHTOOL, 0x7fff43dceda0) = 0
23:16:56 close(17)                      = 0
23:16:56 openat(AT_FDCWD, "/sys/class/net/veth0", O_RDONLY|O_CLOEXEC|O_DIRECTORY) = 17
23:16:56 openat(17, "ifindex", O_RDONLY|O_CLOEXEC) = 20
23:16:56 read(20, "27\n", 254)          = 3
23:16:56 read(20, "", 251)              = 0
23:16:56 close(20)                      = 0
23:16:56 openat(17, "device/sriov_totalvfs", O_RDONLY|O_CLOEXEC) = -1 ENOENT (No such file or directory)
23:16:56 close(17)                      = 0
23:16:56 socket(AF_UNIX, SOCK_DGRAM|SOCK_CLOEXEC, 0) = 17
23:16:56 ioctl(17, SIOCGIFNAME, {ifr_index=27, ifr_name="veth0"}) = 0
23:16:56 close(17)                      = 0
23:16:56 socket(AF_INET, SOCK_DGRAM|SOCK_CLOEXEC, IPPROTO_IP) = 17
23:16:56 ioctl(17, SIOCETHTOOL, 0x7fff43dcecf0) = 0
23:16:56 close(17)                      = 0
23:16:56 recvmsg(7, {msg_namelen=12}, 0) = -1 EAGAIN (Resource temporarily unavailable)
23:16:56 sendmsg(7, {msg_name={sa_family=AF_NETLINK, nl_pid=0, nl_groups=00000000}, msg_namelen=12, msg_iov=[{iov_base={{len=32, type=RTM_GETLINK, flags=NLM_F_REQUEST|NLM_F_ACK, seq=8093, pid=1564476038}, {ifi_family=AF_UNSPEC, ifi_type=ARPHRD_NETROM, ifi_index=if_nametoindex("veth0"), ifi_flags=0, ifi_change=0}}, iov_len=32}], msg_iovlen=1, msg_controllen=0, msg_flags=0}, 0) = 32
23:16:56 clock_gettime(CLOCK_BOOTTIME, {tv_sec=10009, tv_nsec=184963180}) = 0
23:16:56 recvmsg(7, {msg_name={sa_family=AF_NETLINK, nl_pid=0, nl_groups=00000000}, msg_namelen=12, msg_iov=[{iov_base={{len=1324, type=RTM_NEWLINK, flags=0, seq=8093, pid=1564476038}, {ifi_family=AF_UNSPEC, ifi_type=ARPHRD_ETHER, ifi_index=if_nametoindex("veth0"), ifi_flags=IFF_BROADCAST|IFF_MULTICAST, ifi_change=0}, [{{nla_len=10, nla_type=IFLA_IFNAME}, "veth0"}, {{nla_len=8, nla_type=IFLA_TXQLEN}, 1000}, {{nla_len=5, nla_type=IFLA_OPERSTATE}, 2}, {{nla_len=5, nla_type=IFLA_LINKMODE}, 0}, {{nla_len=8, nla_type=IFLA_MTU}, 1500}, {{nla_len=8, nla_type=IFLA_GROUP}, 0}, {{nla_len=8, nla_type=IFLA_PROMISCUITY}, 0}, {{nla_len=8, nla_type=IFLA_NUM_TX_QUEUES}, 1}, {{nla_len=8, nla_type=IFLA_GSO_MAX_SEGS}, 65535}, {{nla_len=8, nla_type=IFLA_GSO_MAX_SIZE}, 65536}, {{nla_len=8, nla_type=IFLA_NUM_RX_QUEUES}, 1}, {{nla_len=5, nla_type=IFLA_CARRIER}, 0}, {{nla_len=9, nla_type=IFLA_QDISC}, "noop"}, {{nla_len=8, nla_type=IFLA_CARRIER_CHANGES}, 1}, {{nla_len=5, nla_type=IFLA_PROTO_DOWN}, 0}, {{nla_len=8, nla_type=0x2f /* IFLA_??? */}, "\x00\x00\x00\x00"}, {{nla_len=8, nla_type=0x30 /* IFLA_??? */}, "\x01\x00\x00\x00"}, {{nla_len=36, nla_type=IFLA_MAP}, {mem_start=0, mem_end=0, base_addr=0, irq=0, dma=0, port=0}}, {{nla_len=10, nla_type=IFLA_ADDRESS}, "\xe6\xa1\xb3\xae\x60\x45"}, {{nla_len=10, nla_type=IFLA_BROADCAST}, "\xff\xff\xff\xff\xff\xff"}, {{nla_len=196, nla_type=IFLA_STATS64}, {rx_packets=0, tx_packets=0, rx_bytes=0, tx_bytes=0, rx_errors=0, tx_errors=0, rx_dropped=0, tx_dropped=0, multicast=0, collisions=0, rx_length_errors=0, rx_over_errors=0, rx_crc_errors=0, rx_frame_errors=0, rx_fifo_errors=0, rx_missed_errors=0, tx_aborted_errors=0, tx_carrier_errors=0, tx_fifo_errors=0, tx_heartbeat_errors=0, tx_window_errors=0, rx_compressed=0, tx_compressed=0, rx_nohandler=0}}, {{nla_len=100, nla_type=IFLA_STATS}, {rx_packets=0, tx_packets=0, rx_bytes=0, tx_bytes=0, rx_errors=0, tx_errors=0, rx_dropped=0, tx_dropped=0, multicast=0, collisions=0, rx_length_errors=0, rx_over_errors=0, rx_crc_errors=0, rx_frame_errors=0, rx_fifo_errors=0, rx_missed_errors=0, tx_aborted_errors=0, tx_carrier_errors=0, tx_fifo_errors=0, tx_heartbeat_errors=0, tx_window_errors=0, rx_compressed=0, tx_compressed=0, rx_nohandler=0}}, {{nla_len=12, nla_type=IFLA_XDP}, {{nla_len=5, nla_type=IFLA_XDP_ATTACHED}, 0}}, {{nla_len=16, nla_type=IFLA_LINKINFO}, {{nla_len=9, nla_type=IFLA_INFO_KIND}, "veth"}}, {{nla_len=8, nla_type=IFLA_LINK}, 26}, {{nla_len=756, nla_type=IFLA_AF_SPEC}, "\x84\x00\x02\x00\x80\x00\x01\x00\x01\x00\x00\x00\x00\x00\x00\x00\x00\x00\x00\x00\x01\x00\x00\x00\x01\x00\x00\x00\x01\x00\x00\x00"...}]}, iov_len=32768}], msg_iovlen=1, msg_control=[{cmsg_len=28, cmsg_level=SOL_SOCKET, cmsg_type=SCM_CREDENTIALS, cmsg_data={pid=0, uid=0, gid=0}}], msg_controllen=32, msg_flags=0}, 0) = 1324
23:16:56 recvmsg(7, {msg_name={sa_family=AF_NETLINK, nl_pid=0, nl_groups=00000000}, msg_namelen=12, msg_iov=[{iov_base={{len=36, type=NLMSG_ERROR, flags=NLM_F_CAPPED, seq=8093, pid=1564476038}, {error=0, msg={len=32, type=RTM_GETLINK, flags=NLM_F_REQUEST|NLM_F_ACK, seq=8093, pid=1564476038}}}, iov_len=32768}], msg_iovlen=1, msg_control=[{cmsg_len=28, cmsg_level=SOL_SOCKET, cmsg_type=SCM_CREDENTIALS, cmsg_data={pid=0, uid=0, gid=0}}], msg_controllen=32, msg_flags=0}, 0) = 36
23:16:56 recvmsg(7, {msg_namelen=12}, 0) = -1 EAGAIN (Resource temporarily unavailable)
23:16:56 socket(AF_UNIX, SOCK_DGRAM|SOCK_CLOEXEC, 0) = 17
23:16:56 ioctl(17, SIOCGIFNAME, {ifr_index=27, ifr_name="veth0"}) = 0
23:16:56 close(17)                      = 0
23:16:56 socket(AF_INET, SOCK_DGRAM|SOCK_CLOEXEC, IPPROTO_IP) = 17
23:16:56 ioctl(17, SIOCETHTOOL, 0x7fff43dcebf0) = 0
23:16:56 close(17)                      = 0
23:16:56 write(9, "\1\0\0\0\0\0\0\0", 8) = 8
23:16:56 futex(0x7f9cbc00db20, FUTEX_WAKE_PRIVATE, 1) = 1
23:16:56 futex(0x7f9cbc00dab0, FUTEX_WAKE_PRIVATE, 1) = 1
23:16:56 futex(0x55fb3fd47078, FUTEX_WAKE_PRIVATE, 1) = 1
23:16:56 clock_gettime(CLOCK_BOOTTIME, {tv_sec=10009, tv_nsec=187781596}) = 0
23:16:56 getpid()                       = 646
23:16:56 sendmsg(5, {msg_name={sa_family=AF_UNIX, sun_path="/run/systemd/journal/socket"}, msg_namelen=29, msg_iov=[{iov_base="PRIORITY=6", iov_len=10}, {iov_base="\n", iov_len=1}, {iov_base="MESSAGE=<info>  [1585019816.8845"..., iov_len=112}, {iov_base="\n", iov_len=1}, {iov_base="SYSLOG_IDENTIFIER=NetworkManager", iov_len=32}, {iov_base="\n", iov_len=1}, {iov_base="SYSLOG_PID=646", iov_len=14}, {iov_base="\n", iov_len=1}, {iov_base="SYSLOG_FACILITY=DEVICE", iov_len=22}, {iov_base="\n", iov_len=1}, {iov_base="NM_LOG_DOMAINS=DEVICE", iov_len=21}, {iov_base="\n", iov_len=1}, {iov_base="NM_LOG_LEVEL=INFO", iov_len=17}, {iov_base="\n", iov_len=1}, {iov_base="CODE_FILE=src/nm-manager.c", iov_len=26}, {iov_base="\n", iov_len=1}, {iov_base="CODE_LINE=2623", iov_len=14}, {iov_base="\n", iov_len=1}, {iov_base="TIMESTAMP_MONOTONIC=10002.187781", iov_len=32}, {iov_base="\n", iov_len=1}, {iov_base="TIMESTAMP_BOOTTIME=10009.187781", iov_len=31}, {iov_base="\n", iov_len=1}, {iov_base="NM_DEVICE=veth0", iov_len=15}, {iov_base="\n", iov_len=1}], msg_iovlen=24, msg_controllen=0, msg_flags=0}, MSG_NOSIGNAL) = 358
23:16:56 write(9, "\1\0\0\0\0\0\0\0", 8) = 8
23:16:56 futex(0x7f9cbc00db20, FUTEX_WAKE_PRIVATE, 1) = 1
23:16:56 futex(0x7f9cbc00dab0, FUTEX_WAKE_PRIVATE, 1) = 1
23:16:56 futex(0x55fb3fd47078, FUTEX_WAKE_PRIVATE, 1) = 1
23:16:56 poll([{fd=3, events=POLLIN}, {fd=6, events=POLLIN}, {fd=7, events=POLLIN|POLLPRI}, {fd=11, events=POLLIN}, {fd=12, events=POLLIN}, {fd=13, events=POLLIN}, {fd=14, events=POLLIN}, {fd=15, events=POLLIN}, {fd=16, events=POLLIN}], 9, 0) = 0 (Timeout)
23:16:56 epoll_wait(15, [], 1, 0)       = 0
23:16:56 clock_gettime(CLOCK_BOOTTIME, {tv_sec=10009, tv_nsec=189730084}) = 0
23:16:56 write(9, "\1\0\0\0\0\0\0\0", 8) = 8
23:16:56 futex(0x7f9cbc00db20, FUTEX_WAKE_PRIVATE, 1) = 1
23:16:56 futex(0x7f9cbc00dab0, FUTEX_WAKE_PRIVATE, 1) = 1
23:16:56 futex(0x55fb3fd47078, FUTEX_WAKE_PRIVATE, 1) = 1
23:16:56 write(9, "\1\0\0\0\0\0\0\0", 8) = 8
23:16:56 futex(0x7f9cbc00db20, FUTEX_WAKE_PRIVATE, 1) = 1
23:16:56 futex(0x7f9cbc00dab0, FUTEX_WAKE_PRIVATE, 1) = 1
23:16:56 futex(0x55fb3fd47078, FUTEX_WAKE_PRIVATE, 1) = 1
23:16:56 write(9, "\1\0\0\0\0\0\0\0", 8) = 8
23:16:56 futex(0x7f9cbc00db20, FUTEX_WAKE_PRIVATE, 1) = 1
23:16:56 futex(0x7f9cbc00dab0, FUTEX_WAKE_PRIVATE, 1) = 1
23:16:56 futex(0x55fb3fd47078, FUTEX_WAKE_PRIVATE, 1) = 1
23:16:56 write(9, "\1\0\0\0\0\0\0\0", 8) = 8
23:16:56 futex(0x7f9cbc00db20, FUTEX_WAKE_PRIVATE, 1) = 1
23:16:56 futex(0x7f9cbc00dab0, FUTEX_WAKE_PRIVATE, 1) = 1
23:16:56 futex(0x55fb3fd47078, FUTEX_WAKE_PRIVATE, 1) = 1
23:16:56 poll([{fd=3, events=POLLIN}, {fd=6, events=POLLIN}, {fd=7, events=POLLIN|POLLPRI}, {fd=11, events=POLLIN}, {fd=12, events=POLLIN}, {fd=13, events=POLLIN}, {fd=14, events=POLLIN}, {fd=15, events=POLLIN}, {fd=16, events=POLLIN}], 9, 0) = 0 (Timeout)
23:16:56 epoll_wait(15, [], 1, 0)       = 0
23:16:56 clock_gettime(CLOCK_BOOTTIME, {tv_sec=10009, tv_nsec=193380515}) = 0
23:16:56 write(9, "\1\0\0\0\0\0\0\0", 8) = 8
23:16:56 futex(0x7f9cbc00db20, FUTEX_WAKE_PRIVATE, 1) = 1
23:16:56 futex(0x7f9cbc00dab0, FUTEX_WAKE_PRIVATE, 1) = 1
23:16:56 futex(0x55fb3fd47078, FUTEX_WAKE_PRIVATE, 1) = 1
23:16:56 write(9, "\1\0\0\0\0\0\0\0", 8) = 8
23:16:56 futex(0x7f9cbc00db20, FUTEX_WAKE_PRIVATE, 1) = 1
23:16:56 futex(0x7f9cbc00dab0, FUTEX_WAKE_PRIVATE, 1) = 1
23:16:56 futex(0x55fb3fd47078, FUTEX_WAKE_PRIVATE, 1) = 1
23:16:56 write(9, "\1\0\0\0\0\0\0\0", 8) = 8
23:16:56 futex(0x7f9cbc00db20, FUTEX_WAKE_PRIVATE, 1) = 1
23:16:56 futex(0x7f9cbc00dab0, FUTEX_WAKE_PRIVATE, 1) = 1
23:16:56 futex(0x55fb3fd47078, FUTEX_WAKE_PRIVATE, 1) = 1
23:16:56 write(9, "\1\0\0\0\0\0\0\0", 8) = 8
23:16:56 futex(0x7f9cbc00db20, FUTEX_WAKE_PRIVATE, 1) = 1
23:16:56 futex(0x7f9cbc00dab0, FUTEX_WAKE_PRIVATE, 1) = 1
23:16:56 futex(0x55fb3fd47078, FUTEX_WAKE_PRIVATE, 1) = 1
23:16:56 write(9, "\1\0\0\0\0\0\0\0", 8) = 8
23:16:56 futex(0x7f9cbc00db20, FUTEX_WAKE_PRIVATE, 1) = 1
23:16:56 futex(0x7f9cbc00dab0, FUTEX_WAKE_PRIVATE, 1) = 1
23:16:56 futex(0x55fb3fd47078, FUTEX_WAKE_PRIVATE, 1) = 1
23:16:56 poll([{fd=3, events=POLLIN}, {fd=6, events=POLLIN}, {fd=7, events=POLLIN|POLLPRI}, {fd=11, events=POLLIN}, {fd=12, events=POLLIN}, {fd=13, events=POLLIN}, {fd=14, events=POLLIN}, {fd=15, events=POLLIN}, {fd=16, events=POLLIN}], 9, 198804) = 1 ([{fd=13, revents=POLLIN}])
23:16:56 epoll_wait(15, [], 1, 0)       = 0
23:16:56 clock_gettime(CLOCK_BOOTTIME, {tv_sec=10009, tv_nsec=213202781}) = 0
23:16:56 write(3, "\1\0\0\0\0\0\0\0", 8) = 8
23:16:56 recvmsg(13, {msg_name={sa_family=AF_NETLINK, nl_pid=-1596514661, nl_groups=0x000002}, msg_namelen=128->12, msg_iov=[{iov_base="libudev\0\376\355\312\376(\0\0\0(\0\0\0(\1\0\0\247M<\310\0\0\0\0"..., iov_len=8192}], msg_iovlen=1, msg_control=[{cmsg_len=28, cmsg_level=SOL_SOCKET, cmsg_type=SCM_CREDENTIALS, cmsg_data={pid=7579, uid=0, gid=0}}], msg_controllen=32, msg_flags=0}, 0) = 336
23:16:56 getrandom("\xf3\x85\x26\x2e\x76\x7b\x4b\xd3\x30\x58\x6a\x88\x5e\x20\x10\x28", 16, GRND_NONBLOCK) = 16
23:16:56 getrandom("\xd4\xe5\x54\xde\x02\x5b\x03\xd9\xa6\xbc\x6d\x6d\x72\x89\xfa\xea", 16, GRND_NONBLOCK) = 16
23:16:56 clock_gettime(CLOCK_BOOTTIME, {tv_sec=10009, tv_nsec=215265429}) = 0
23:16:56 getpid()                       = 646
23:16:56 sendmsg(5, {msg_name={sa_family=AF_UNIX, sun_path="/run/systemd/journal/socket"}, msg_namelen=29, msg_iov=[{iov_base="PRIORITY=6", iov_len=10}, {iov_base="\n", iov_len=1}, {iov_base="MESSAGE=<info>  [1585019816.9120"..., iov_len=100}, {iov_base="\n", iov_len=1}, {iov_base="SYSLOG_IDENTIFIER=NetworkManager", iov_len=32}, {iov_base="\n", iov_len=1}, {iov_base="SYSLOG_PID=646", iov_len=14}, {iov_base="\n", iov_len=1}, {iov_base="SYSLOG_FACILITY=SETTINGS", iov_len=24}, {iov_base="\n", iov_len=1}, {iov_base="NM_LOG_DOMAINS=SETTINGS", iov_len=23}, {iov_base="\n", iov_len=1}, {iov_base="NM_LOG_LEVEL=INFO", iov_len=17}, {iov_base="\n", iov_len=1}, {iov_base="CODE_FILE=src/settings/plugins/i"..., iov_len=61}, {iov_base="\n", iov_len=1}, {iov_base="CODE_LINE=162", iov_len=13}, {iov_base="\n", iov_len=1}, {iov_base="TIMESTAMP_MONOTONIC=10002.215265", iov_len=32}, {iov_base="\n", iov_len=1}, {iov_base="TIMESTAMP_BOOTTIME=10009.215265", iov_len=31}, {iov_base="\n", iov_len=1}], msg_iovlen=22, msg_controllen=0, msg_flags=0}, MSG_NOSIGNAL) = 368
23:16:56 clock_gettime(CLOCK_BOOTTIME, {tv_sec=10009, tv_nsec=215586797}) = 0
23:16:56 getpid()                       = 646
23:16:56 sendmsg(5, {msg_name={sa_family=AF_UNIX, sun_path="/run/systemd/journal/socket"}, msg_namelen=29, msg_iov=[{iov_base="PRIORITY=6", iov_len=10}, {iov_base="\n", iov_len=1}, {iov_base="MESSAGE=<info>  [1585019816.9123"..., iov_len=133}, {iov_base="\n", iov_len=1}, {iov_base="SYSLOG_IDENTIFIER=NetworkManager", iov_len=32}, {iov_base="\n", iov_len=1}, {iov_base="SYSLOG_PID=646", iov_len=14}, {iov_base="\n", iov_len=1}, {iov_base="SYSLOG_FACILITY=SETTINGS", iov_len=24}, {iov_base="\n", iov_len=1}, {iov_base="NM_LOG_DOMAINS=SETTINGS", iov_len=23}, {iov_base="\n", iov_len=1}, {iov_base="NM_LOG_LEVEL=INFO", iov_len=17}, {iov_base="\n", iov_len=1}, {iov_base="CODE_FILE=src/settings/plugins/i"..., iov_len=61}, {iov_base="\n", iov_len=1}, {iov_base="CODE_LINE=170", iov_len=13}, {iov_base="\n", iov_len=1}, {iov_base="TIMESTAMP_MONOTONIC=10002.215586", iov_len=32}, {iov_base="\n", iov_len=1}, {iov_base="TIMESTAMP_BOOTTIME=10009.215586", iov_len=31}, {iov_base="\n", iov_len=1}], msg_iovlen=22, msg_controllen=0, msg_flags=0}, MSG_NOSIGNAL) = 401
23:16:56 write(3, "\1\0\0\0\0\0\0\0", 8) = 8
23:16:56 poll([{fd=3, events=POLLIN}, {fd=6, events=POLLIN}, {fd=7, events=POLLIN|POLLPRI}, {fd=11, events=POLLIN}, {fd=12, events=POLLIN}, {fd=13, events=POLLIN}, {fd=14, events=POLLIN}, {fd=15, events=POLLIN}, {fd=16, events=POLLIN}], 9, 198785) = 2 ([{fd=3, revents=POLLIN}, {fd=6, revents=POLLIN}])
23:16:56 read(3, "\2\0\0\0\0\0\0\0", 16) = 8
23:16:56 epoll_wait(15, [], 1, 0)       = 0
23:16:56 clock_gettime(CLOCK_BOOTTIME, {tv_sec=10009, tv_nsec=215965502}) = 0
23:16:56 write(3, "\1\0\0\0\0\0\0\0", 8) = 8
23:16:56 recvmsg(6, {msg_name={sa_family=AF_NETLINK, nl_pid=-1596514661, nl_groups=0x000002}, msg_namelen=128->12, msg_iov=[{iov_base="libudev\0\376\355\312\376(\0\0\0(\0\0\0(\1\0\0\247M<\310\0\0\0\0"..., iov_len=8192}], msg_iovlen=1, msg_control=[{cmsg_len=28, cmsg_level=SOL_SOCKET, cmsg_type=SCM_CREDENTIALS, cmsg_data={pid=7579, uid=0, gid=0}}], msg_controllen=32, msg_flags=0}, 0) = 336
23:16:56 getrandom("\x9f\x56\x51\x7f\x03\x7e\x9d\x63\x6c\x53\x46\x9b\x9b\x89\x62\x61", 16, GRND_NONBLOCK) = 16
23:16:56 getrandom("\x90\xec\x46\x51\xf8\xf7\x32\xb0\x3a\xde\x2e\x7c\xff\x80\xcd\x56", 16, GRND_NONBLOCK) = 16
23:16:56 readlinkat(AT_FDCWD, "/sys/devices/virtual/net/veth0/driver", 0x55fb3fe14510, 99) = -1 ENOENT (No such file or directory)
23:16:56 openat(AT_FDCWD, "/", O_RDONLY|O_NOFOLLOW|O_CLOEXEC|O_PATH) = 17
23:16:56 openat(17, "sys", O_RDONLY|O_NOFOLLOW|O_CLOEXEC|O_PATH) = 20
23:16:56 fstat(20, {st_mode=S_IFDIR|0555, st_size=0, ...}) = 0
23:16:56 close(17)                      = 0
23:16:56 openat(20, "devices", O_RDONLY|O_NOFOLLOW|O_CLOEXEC|O_PATH) = 17
23:16:56 fstat(17, {st_mode=S_IFDIR|0755, st_size=0, ...}) = 0
23:16:56 close(20)                      = 0
23:16:56 openat(17, "virtual", O_RDONLY|O_NOFOLLOW|O_CLOEXEC|O_PATH) = 20
23:16:56 fstat(20, {st_mode=S_IFDIR|0755, st_size=0, ...}) = 0
23:16:56 close(17)                      = 0
23:16:56 openat(20, "net", O_RDONLY|O_NOFOLLOW|O_CLOEXEC|O_PATH) = 17
23:16:56 fstat(17, {st_mode=S_IFDIR|0755, st_size=0, ...}) = 0
23:16:56 close(20)                      = 0
23:16:56 close(17)                      = 0
23:16:56 access("/sys/devices/virtual/net/uevent", F_OK) = -1 ENOENT (No such file or directory)
23:16:56 openat(AT_FDCWD, "/", O_RDONLY|O_NOFOLLOW|O_CLOEXEC|O_PATH) = 17
23:16:56 openat(17, "sys", O_RDONLY|O_NOFOLLOW|O_CLOEXEC|O_PATH) = 20
23:16:56 fstat(20, {st_mode=S_IFDIR|0555, st_size=0, ...}) = 0
23:16:56 close(17)                      = 0
23:16:56 openat(20, "devices", O_RDONLY|O_NOFOLLOW|O_CLOEXEC|O_PATH) = 17
23:16:56 fstat(17, {st_mode=S_IFDIR|0755, st_size=0, ...}) = 0
23:16:56 close(20)                      = 0
23:16:56 openat(17, "virtual", O_RDONLY|O_NOFOLLOW|O_CLOEXEC|O_PATH) = 20
23:16:56 fstat(20, {st_mode=S_IFDIR|0755, st_size=0, ...}) = 0
23:16:56 close(17)                      = 0
23:16:56 close(20)                      = 0
23:16:56 access("/sys/devices/virtual/uevent", F_OK) = -1 ENOENT (No such file or directory)
23:16:56 openat(AT_FDCWD, "/", O_RDONLY|O_NOFOLLOW|O_CLOEXEC|O_PATH) = 17
23:16:56 openat(17, "sys", O_RDONLY|O_NOFOLLOW|O_CLOEXEC|O_PATH) = 20
23:16:56 fstat(20, {st_mode=S_IFDIR|0555, st_size=0, ...}) = 0
23:16:56 close(17)                      = 0
23:16:56 openat(20, "devices", O_RDONLY|O_NOFOLLOW|O_CLOEXEC|O_PATH) = 17
23:16:56 fstat(17, {st_mode=S_IFDIR|0755, st_size=0, ...}) = 0
23:16:56 close(20)                      = 0
23:16:56 close(17)                      = 0
23:16:56 access("/sys/devices/uevent", F_OK) = -1 ENOENT (No such file or directory)
23:16:56 write(3, "\1\0\0\0\0\0\0\0", 8) = 8
23:16:56 poll([{fd=3, events=POLLIN}, {fd=6, events=POLLIN}, {fd=7, events=POLLIN|POLLPRI}, {fd=11, events=POLLIN}, {fd=12, events=POLLIN}, {fd=13, events=POLLIN}, {fd=14, events=POLLIN}, {fd=15, events=POLLIN}, {fd=16, events=POLLIN}], 9, 0) = 1 ([{fd=3, revents=POLLIN}])
23:16:56 read(3, "\2\0\0\0\0\0\0\0", 16) = 8
23:16:56 epoll_wait(15, [], 1, 0)       = 0
23:16:56 clock_gettime(CLOCK_BOOTTIME, {tv_sec=10009, tv_nsec=217199424}) = 0
23:16:56 poll([{fd=3, events=POLLIN}, {fd=6, events=POLLIN}, {fd=7, events=POLLIN|POLLPRI}, {fd=11, events=POLLIN}, {fd=12, events=POLLIN}, {fd=13, events=POLLIN}, {fd=14, events=POLLIN}, {fd=15, events=POLLIN}, {fd=16, events=POLLIN}], 9, 0) = 0 (Timeout)
23:16:56 epoll_wait(15, [], 1, 0)       = 0
23:16:56 clock_gettime(CLOCK_BOOTTIME, {tv_sec=10009, tv_nsec=217341704}) = 0
23:16:56 write(9, "\1\0\0\0\0\0\0\0", 8) = 8
23:16:56 futex(0x7f9cbc00db20, FUTEX_WAKE_PRIVATE, 1) = 1
23:16:56 futex(0x7f9cbc00dab0, FUTEX_WAKE_PRIVATE, 1) = 1
23:16:56 futex(0x55fb3fd47078, FUTEX_WAKE_PRIVATE, 1) = 1
23:16:56 poll([{fd=3, events=POLLIN}, {fd=6, events=POLLIN}, {fd=7, events=POLLIN|POLLPRI}, {fd=11, events=POLLIN}, {fd=12, events=POLLIN}, {fd=13, events=POLLIN}, {fd=14, events=POLLIN}, {fd=15, events=POLLIN}, {fd=16, events=POLLIN}], 9, 0) = 0 (Timeout)
23:16:56 epoll_wait(15, [], 1, 0)       = 0
23:16:56 clock_gettime(CLOCK_BOOTTIME, {tv_sec=10009, tv_nsec=217798332}) = 0
23:16:56 write(9, "\1\0\0\0\0\0\0\0", 8) = 8
23:16:56 futex(0x7f9cbc00db20, FUTEX_WAKE_PRIVATE, 1) = 1
23:16:56 futex(0x7f9cbc00dab0, FUTEX_WAKE_PRIVATE, 1) = 1
23:16:56 futex(0x55fb3fd47078, FUTEX_WAKE_PRIVATE, 1) = 1
23:16:56 write(9, "\1\0\0\0\0\0\0\0", 8) = 8
23:16:56 futex(0x7f9cbc00db20, FUTEX_WAKE_PRIVATE, 1) = 1
23:16:56 futex(0x7f9cbc00dab0, FUTEX_WAKE_PRIVATE, 1) = 1
23:16:56 futex(0x55fb3fd47078, FUTEX_WAKE_PRIVATE, 1) = 1
23:16:56 write(9, "\1\0\0\0\0\0\0\0", 8) = 8
23:16:56 futex(0x7f9cbc00db20, FUTEX_WAKE_PRIVATE, 1) = 1
23:16:56 futex(0x7f9cbc00dab0, FUTEX_WAKE_PRIVATE, 1) = 1
23:16:56 futex(0x55fb3fd47078, FUTEX_WAKE_PRIVATE, 1) = 1
23:16:56 write(9, "\1\0\0\0\0\0\0\0", 8) = 8
23:16:56 futex(0x7f9cbc00db20, FUTEX_WAKE_PRIVATE, 1) = 1
23:16:56 futex(0x7f9cbc00dab0, FUTEX_WAKE_PRIVATE, 1) = 1
23:16:56 futex(0x55fb3fd47078, FUTEX_WAKE_PRIVATE, 1) = 1
23:16:56 poll([{fd=3, events=POLLIN}, {fd=6, events=POLLIN}, {fd=7, events=POLLIN|POLLPRI}, {fd=11, events=POLLIN}, {fd=12, events=POLLIN}, {fd=13, events=POLLIN}, {fd=14, events=POLLIN}, {fd=15, events=POLLIN}, {fd=16, events=POLLIN}], 9, 0) = 0 (Timeout)
23:16:56 epoll_wait(15, [], 1, 0)       = 0
23:16:56 clock_gettime(CLOCK_BOOTTIME, {tv_sec=10009, tv_nsec=219633637}) = 0
23:16:56 write(9, "\1\0\0\0\0\0\0\0", 8) = 8
23:16:56 futex(0x7f9cbc00db20, FUTEX_WAKE_PRIVATE, 1) = 1
23:16:56 futex(0x7f9cbc00dab0, FUTEX_WAKE_PRIVATE, 1) = 1
23:16:56 futex(0x55fb3fd47078, FUTEX_WAKE_PRIVATE, 1) = 1
23:16:56 poll([{fd=3, events=POLLIN}, {fd=6, events=POLLIN}, {fd=7, events=POLLIN|POLLPRI}, {fd=11, events=POLLIN}, {fd=12, events=POLLIN}, {fd=13, events=POLLIN}, {fd=14, events=POLLIN}, {fd=15, events=POLLIN}, {fd=16, events=POLLIN}], 9, 0) = 0 (Timeout)
23:16:56 epoll_wait(15, [], 1, 0)       = 0
23:16:56 clock_gettime(CLOCK_BOOTTIME, {tv_sec=10009, tv_nsec=220076473}) = 0
23:16:56 write(9, "\1\0\0\0\0\0\0\0", 8) = 8
23:16:56 futex(0x7f9cbc00db20, FUTEX_WAKE_PRIVATE, 1) = 1
23:16:56 futex(0x7f9cbc00dab0, FUTEX_WAKE_PRIVATE, 1) = 1
23:16:56 futex(0x55fb3fd47078, FUTEX_WAKE_PRIVATE, 1) = 1
23:16:56 write(9, "\1\0\0\0\0\0\0\0", 8) = 8
23:16:56 futex(0x7f9cbc00db20, FUTEX_WAKE_PRIVATE, 1) = 1
23:16:56 futex(0x7f9cbc00dab0, FUTEX_WAKE_PRIVATE, 1) = 1
23:16:56 futex(0x55fb3fd47078, FUTEX_WAKE_PRIVATE, 1) = 1
23:16:56 poll([{fd=3, events=POLLIN}, {fd=6, events=POLLIN}, {fd=7, events=POLLIN|POLLPRI}, {fd=11, events=POLLIN}, {fd=12, events=POLLIN}, {fd=13, events=POLLIN}, {fd=14, events=POLLIN}, {fd=15, events=POLLIN}, {fd=16, events=POLLIN}], 9, 198780) = 1 ([{fd=13, revents=POLLIN}])
23:16:56 epoll_wait(15, [], 1, 0)       = 0
23:16:56 clock_gettime(CLOCK_BOOTTIME, {tv_sec=10009, tv_nsec=229168982}) = 0
23:16:56 write(3, "\1\0\0\0\0\0\0\0", 8) = 8
23:16:56 recvmsg(13, {msg_name={sa_family=AF_NETLINK, nl_pid=333, nl_groups=0x000002}, msg_namelen=128->12, msg_iov=[{iov_base="libudev\0\376\355\312\376(\0\0\0(\0\0\0(\1\0\0\247M<\310\0\0\0\0"..., iov_len=8192}], msg_iovlen=1, msg_control=[{cmsg_len=28, cmsg_level=SOL_SOCKET, cmsg_type=SCM_CREDENTIALS, cmsg_data={pid=7578, uid=0, gid=0}}], msg_controllen=32, msg_flags=0}, 0) = 336
23:16:56 getrandom("\xde\xf3\xa2\xea\x84\xd2\x84\x08\x42\x59\x52\x8d\xa9\xe8\x64\x82", 16, GRND_NONBLOCK) = 16
23:16:56 getrandom("\x61\xec\xb0\x67\x1f\x91\xc6\x8e\x62\x77\x2a\x8a\xed\x88\xfb\x3c", 16, GRND_NONBLOCK) = 16
23:16:56 clock_gettime(CLOCK_BOOTTIME, {tv_sec=10009, tv_nsec=229340465}) = 0
23:16:56 getpid()                       = 646
23:16:56 sendmsg(5, {msg_name={sa_family=AF_UNIX, sun_path="/run/systemd/journal/socket"}, msg_namelen=29, msg_iov=[{iov_base="PRIORITY=6", iov_len=10}, {iov_base="\n", iov_len=1}, {iov_base="MESSAGE=<info>  [1585019816.9260"..., iov_len=100}, {iov_base="\n", iov_len=1}, {iov_base="SYSLOG_IDENTIFIER=NetworkManager", iov_len=32}, {iov_base="\n", iov_len=1}, {iov_base="SYSLOG_PID=646", iov_len=14}, {iov_base="\n", iov_len=1}, {iov_base="SYSLOG_FACILITY=SETTINGS", iov_len=24}, {iov_base="\n", iov_len=1}, {iov_base="NM_LOG_DOMAINS=SETTINGS", iov_len=23}, {iov_base="\n", iov_len=1}, {iov_base="NM_LOG_LEVEL=INFO", iov_len=17}, {iov_base="\n", iov_len=1}, {iov_base="CODE_FILE=src/settings/plugins/i"..., iov_len=61}, {iov_base="\n", iov_len=1}, {iov_base="CODE_LINE=162", iov_len=13}, {iov_base="\n", iov_len=1}, {iov_base="TIMESTAMP_MONOTONIC=10002.229340", iov_len=32}, {iov_base="\n", iov_len=1}, {iov_base="TIMESTAMP_BOOTTIME=10009.229340", iov_len=31}, {iov_base="\n", iov_len=1}], msg_iovlen=22, msg_controllen=0, msg_flags=0}, MSG_NOSIGNAL) = 368
23:16:56 clock_gettime(CLOCK_BOOTTIME, {tv_sec=10009, tv_nsec=229641483}) = 0
23:16:56 getpid()                       = 646
23:16:56 sendmsg(5, {msg_name={sa_family=AF_UNIX, sun_path="/run/systemd/journal/socket"}, msg_namelen=29, msg_iov=[{iov_base="PRIORITY=6", iov_len=10}, {iov_base="\n", iov_len=1}, {iov_base="MESSAGE=<info>  [1585019816.9263"..., iov_len=133}, {iov_base="\n", iov_len=1}, {iov_base="SYSLOG_IDENTIFIER=NetworkManager", iov_len=32}, {iov_base="\n", iov_len=1}, {iov_base="SYSLOG_PID=646", iov_len=14}, {iov_base="\n", iov_len=1}, {iov_base="SYSLOG_FACILITY=SETTINGS", iov_len=24}, {iov_base="\n", iov_len=1}, {iov_base="NM_LOG_DOMAINS=SETTINGS", iov_len=23}, {iov_base="\n", iov_len=1}, {iov_base="NM_LOG_LEVEL=INFO", iov_len=17}, {iov_base="\n", iov_len=1}, {iov_base="CODE_FILE=src/settings/plugins/i"..., iov_len=61}, {iov_base="\n", iov_len=1}, {iov_base="CODE_LINE=170", iov_len=13}, {iov_base="\n", iov_len=1}, {iov_base="TIMESTAMP_MONOTONIC=10002.229641", iov_len=32}, {iov_base="\n", iov_len=1}, {iov_base="TIMESTAMP_BOOTTIME=10009.229641", iov_len=31}, {iov_base="\n", iov_len=1}], msg_iovlen=22, msg_controllen=0, msg_flags=0}, MSG_NOSIGNAL) = 401
23:16:56 write(3, "\1\0\0\0\0\0\0\0", 8) = 8
23:16:56 poll([{fd=3, events=POLLIN}, {fd=6, events=POLLIN}, {fd=7, events=POLLIN|POLLPRI}, {fd=11, events=POLLIN}, {fd=12, events=POLLIN}, {fd=13, events=POLLIN}, {fd=14, events=POLLIN}, {fd=15, events=POLLIN}, {fd=16, events=POLLIN}], 9, 198771) = 1 ([{fd=3, revents=POLLIN}])
23:16:56 read(3, "\2\0\0\0\0\0\0\0", 16) = 8
23:16:56 epoll_wait(15, [], 1, 0)       = 0
23:16:56 clock_gettime(CLOCK_BOOTTIME, {tv_sec=10009, tv_nsec=230013208}) = 0
23:16:56 poll([{fd=3, events=POLLIN}, {fd=6, events=POLLIN}, {fd=7, events=POLLIN|POLLPRI}, {fd=11, events=POLLIN}, {fd=12, events=POLLIN}, {fd=13, events=POLLIN}, {fd=14, events=POLLIN}, {fd=15, events=POLLIN}, {fd=16, events=POLLIN}], 9, 198770) = 1 ([{fd=6, revents=POLLIN}])
23:16:56 epoll_wait(15, [], 1, 0)       = 0
23:16:56 clock_gettime(CLOCK_BOOTTIME, {tv_sec=10009, tv_nsec=230245905}) = 0
23:16:56 write(3, "\1\0\0\0\0\0\0\0", 8) = 8
23:16:56 recvmsg(6, {msg_name={sa_family=AF_NETLINK, nl_pid=333, nl_groups=0x000002}, msg_namelen=128->12, msg_iov=[{iov_base="libudev\0\376\355\312\376(\0\0\0(\0\0\0(\1\0\0\247M<\310\0\0\0\0"..., iov_len=8192}], msg_iovlen=1, msg_control=[{cmsg_len=28, cmsg_level=SOL_SOCKET, cmsg_type=SCM_CREDENTIALS, cmsg_data={pid=7578, uid=0, gid=0}}], msg_controllen=32, msg_flags=0}, 0) = 336
23:16:56 getrandom("\xbb\x72\xc0\xcb\x12\x1a\xcc\xf6\xa2\xea\xa3\x11\x8a\x8f\xf3\xf9", 16, GRND_NONBLOCK) = 16
23:16:56 getrandom("\x52\xd3\xde\x6d\x5f\x3a\xe3\xb8\x43\x02\x08\x55\x75\x52\x08\x2c", 16, GRND_NONBLOCK) = 16
23:16:56 readlinkat(AT_FDCWD, "/sys/devices/virtual/net/veth1/driver", 0x55fb3fe13a60, 99) = -1 ENOENT (No such file or directory)
23:16:56 openat(AT_FDCWD, "/", O_RDONLY|O_NOFOLLOW|O_CLOEXEC|O_PATH) = 17
23:16:56 openat(17, "sys", O_RDONLY|O_NOFOLLOW|O_CLOEXEC|O_PATH) = 20
23:16:56 fstat(20, {st_mode=S_IFDIR|0555, st_size=0, ...}) = 0
23:16:56 close(17)                      = 0
23:16:56 openat(20, "devices", O_RDONLY|O_NOFOLLOW|O_CLOEXEC|O_PATH) = 17
23:16:56 fstat(17, {st_mode=S_IFDIR|0755, st_size=0, ...}) = 0
23:16:56 close(20)                      = 0
23:16:56 openat(17, "virtual", O_RDONLY|O_NOFOLLOW|O_CLOEXEC|O_PATH) = 20
23:16:56 fstat(20, {st_mode=S_IFDIR|0755, st_size=0, ...}) = 0
23:16:56 close(17)                      = 0
23:16:56 openat(20, "net", O_RDONLY|O_NOFOLLOW|O_CLOEXEC|O_PATH) = 17
23:16:56 fstat(17, {st_mode=S_IFDIR|0755, st_size=0, ...}) = 0
23:16:56 close(20)                      = 0
23:16:56 close(17)                      = 0
23:16:56 access("/sys/devices/virtual/net/uevent", F_OK) = -1 ENOENT (No such file or directory)
23:16:56 openat(AT_FDCWD, "/", O_RDONLY|O_NOFOLLOW|O_CLOEXEC|O_PATH) = 17
23:16:56 openat(17, "sys", O_RDONLY|O_NOFOLLOW|O_CLOEXEC|O_PATH) = 20
23:16:56 fstat(20, {st_mode=S_IFDIR|0555, st_size=0, ...}) = 0
23:16:56 close(17)                      = 0
23:16:56 openat(20, "devices", O_RDONLY|O_NOFOLLOW|O_CLOEXEC|O_PATH) = 17
23:16:56 fstat(17, {st_mode=S_IFDIR|0755, st_size=0, ...}) = 0
23:16:56 close(20)                      = 0
23:16:56 openat(17, "virtual", O_RDONLY|O_NOFOLLOW|O_CLOEXEC|O_PATH) = 20
23:16:56 fstat(20, {st_mode=S_IFDIR|0755, st_size=0, ...}) = 0
23:16:56 close(17)                      = 0
23:16:56 close(20)                      = 0
23:16:56 access("/sys/devices/virtual/uevent", F_OK) = -1 ENOENT (No such file or directory)
23:16:56 openat(AT_FDCWD, "/", O_RDONLY|O_NOFOLLOW|O_CLOEXEC|O_PATH) = 17
23:16:56 openat(17, "sys", O_RDONLY|O_NOFOLLOW|O_CLOEXEC|O_PATH) = 20
23:16:56 fstat(20, {st_mode=S_IFDIR|0555, st_size=0, ...}) = 0
23:16:56 close(17)                      = 0
23:16:56 openat(20, "devices", O_RDONLY|O_NOFOLLOW|O_CLOEXEC|O_PATH) = 17
23:16:56 fstat(17, {st_mode=S_IFDIR|0755, st_size=0, ...}) = 0
23:16:56 close(20)                      = 0
23:16:56 close(17)                      = 0
23:16:56 access("/sys/devices/uevent", F_OK) = -1 ENOENT (No such file or directory)
23:16:56 write(3, "\1\0\0\0\0\0\0\0", 8) = 8
23:16:56 poll([{fd=3, events=POLLIN}, {fd=6, events=POLLIN}, {fd=7, events=POLLIN|POLLPRI}, {fd=11, events=POLLIN}, {fd=12, events=POLLIN}, {fd=13, events=POLLIN}, {fd=14, events=POLLIN}, {fd=15, events=POLLIN}, {fd=16, events=POLLIN}], 9, 0) = 1 ([{fd=3, revents=POLLIN}])
23:16:56 read(3, "\2\0\0\0\0\0\0\0", 16) = 8
23:16:56 epoll_wait(15, [], 1, 0)       = 0
23:16:56 clock_gettime(CLOCK_BOOTTIME, {tv_sec=10009, tv_nsec=231354783}) = 0
23:16:56 poll([{fd=3, events=POLLIN}, {fd=6, events=POLLIN}, {fd=7, events=POLLIN|POLLPRI}, {fd=11, events=POLLIN}, {fd=12, events=POLLIN}, {fd=13, events=POLLIN}, {fd=14, events=POLLIN}, {fd=15, events=POLLIN}, {fd=16, events=POLLIN}], 9, 0) = 0 (Timeout)
23:16:56 epoll_wait(15, [], 1, 0)       = 0
23:16:56 clock_gettime(CLOCK_BOOTTIME, {tv_sec=10009, tv_nsec=231490607}) = 0
23:16:56 write(9, "\1\0\0\0\0\0\0\0", 8) = 8
23:16:56 futex(0x7f9cbc00db20, FUTEX_WAKE_PRIVATE, 1) = 1
23:16:56 futex(0x7f9cbc00dab0, FUTEX_WAKE_PRIVATE, 1) = 1
23:16:56 futex(0x55fb3fd47078, FUTEX_WAKE_PRIVATE, 1) = 1
23:16:56 poll([{fd=3, events=POLLIN}, {fd=6, events=POLLIN}, {fd=7, events=POLLIN|POLLPRI}, {fd=11, events=POLLIN}, {fd=12, events=POLLIN}, {fd=13, events=POLLIN}, {fd=14, events=POLLIN}, {fd=15, events=POLLIN}, {fd=16, events=POLLIN}], 9, 0) = 0 (Timeout)
23:16:56 epoll_wait(15, [], 1, 0)       = 0
23:16:56 clock_gettime(CLOCK_BOOTTIME, {tv_sec=10009, tv_nsec=231996224}) = 0
23:16:56 write(9, "\1\0\0\0\0\0\0\0", 8) = 8
23:16:56 futex(0x7f9cbc00db20, FUTEX_WAKE_PRIVATE, 1) = 1
23:16:56 futex(0x7f9cbc00dab0, FUTEX_WAKE_PRIVATE, 1) = 1
23:16:56 futex(0x55fb3fd47078, FUTEX_WAKE_PRIVATE, 1) = 1
23:16:56 write(9, "\1\0\0\0\0\0\0\0", 8) = 8
23:16:56 futex(0x7f9cbc00db20, FUTEX_WAKE_PRIVATE, 1) = 1
23:16:56 futex(0x7f9cbc00dab0, FUTEX_WAKE_PRIVATE, 1) = 1
23:16:56 futex(0x55fb3fd47078, FUTEX_WAKE_PRIVATE, 1) = 1
23:16:56 write(9, "\1\0\0\0\0\0\0\0", 8) = 8
23:16:56 futex(0x7f9cbc00db20, FUTEX_WAKE_PRIVATE, 1) = 1
23:16:56 futex(0x7f9cbc00dab0, FUTEX_WAKE_PRIVATE, 1) = 1
23:16:56 futex(0x55fb3fd47078, FUTEX_WAKE_PRIVATE, 1) = 1
23:16:56 write(9, "\1\0\0\0\0\0\0\0", 8) = 8
23:16:56 futex(0x7f9cbc00db20, FUTEX_WAKE_PRIVATE, 1) = 1
23:16:56 futex(0x7f9cbc00dab0, FUTEX_WAKE_PRIVATE, 1) = 1
23:16:56 futex(0x55fb3fd47078, FUTEX_WAKE_PRIVATE, 1) = 1
23:16:56 poll([{fd=3, events=POLLIN}, {fd=6, events=POLLIN}, {fd=7, events=POLLIN|POLLPRI}, {fd=11, events=POLLIN}, {fd=12, events=POLLIN}, {fd=13, events=POLLIN}, {fd=14, events=POLLIN}, {fd=15, events=POLLIN}, {fd=16, events=POLLIN}], 9, 0) = 0 (Timeout)
23:16:56 epoll_wait(15, [], 1, 0)       = 0
23:16:56 clock_gettime(CLOCK_BOOTTIME, {tv_sec=10009, tv_nsec=233943044}) = 0
23:16:56 write(9, "\1\0\0\0\0\0\0\0", 8) = 8
23:16:56 futex(0x7f9cbc00db20, FUTEX_WAKE_PRIVATE, 1) = 1
23:16:56 futex(0x7f9cbc00dab0, FUTEX_WAKE_PRIVATE, 1) = 1
23:16:56 futex(0x55fb3fd47078, FUTEX_WAKE_PRIVATE, 1) = 1
23:16:56 poll([{fd=3, events=POLLIN}, {fd=6, events=POLLIN}, {fd=7, events=POLLIN|POLLPRI}, {fd=11, events=POLLIN}, {fd=12, events=POLLIN}, {fd=13, events=POLLIN}, {fd=14, events=POLLIN}, {fd=15, events=POLLIN}, {fd=16, events=POLLIN}], 9, 0) = 0 (Timeout)
23:16:56 epoll_wait(15, [], 1, 0)       = 0
23:16:56 clock_gettime(CLOCK_BOOTTIME, {tv_sec=10009, tv_nsec=234346614}) = 0
23:16:56 write(9, "\1\0\0\0\0\0\0\0", 8) = 8
23:16:56 futex(0x7f9cbc00db20, FUTEX_WAKE_PRIVATE, 1) = 1
23:16:56 futex(0x7f9cbc00dab0, FUTEX_WAKE_PRIVATE, 1) = 1
23:16:56 futex(0x55fb3fd47078, FUTEX_WAKE_PRIVATE, 1) = 1
23:16:56 write(9, "\1\0\0\0\0\0\0\0", 8) = 8
23:16:56 futex(0x7f9cbc00db20, FUTEX_WAKE_PRIVATE, 1) = 1
23:16:56 futex(0x7f9cbc00dab0, FUTEX_WAKE_PRIVATE, 1) = 1
23:16:56 futex(0x55fb3fd47078, FUTEX_WAKE_PRIVATE, 1) = 1
23:16:56 poll([{fd=3, events=POLLIN}, {fd=6, events=POLLIN}, {fd=7, events=POLLIN|POLLPRI}, {fd=11, events=POLLIN}, {fd=12, events=POLLIN}, {fd=13, events=POLLIN}, {fd=14, events=POLLIN}, {fd=15, events=POLLIN}, {fd=16, events=POLLIN}], 9, 198766 <detached ...>
